<?xml version="1.0" encoding="UTF-8" ?>
<testsuite errors="0" failures="6" hostname="Paola2-PC" name="journal article" tests="11" time="15.578" timestamp="2013-03-16T14:45:23">
  <properties />
  <testcase classname="grails.plugin.cucumber.CucumberTest" name="new article" time="0.766">
    <failure message="assert article == null&#xa;       |       |&#xa;       |       false&#xa;       A theory of software product line refinement" type="grails.plugin.cucumber.FakeAssertionFailedError">Assertion failed: 

assert article == null
       |       |
       |       false
       A theory of software product line refinement

	at ArticleSteps$_run_closure1.doCall(ArticleSteps.groovy:14)
	at ✽.Given the system has no article entitled &quot;A theory of software product line refinement&quot;(Article.feature:8)
</failure>
  </testcase>
  <testcase classname="grails.plugin.cucumber.CucumberTest" name="new invalid article" time="0.232" />
  <testcase classname="grails.plugin.cucumber.CucumberTest" name="duplicate article" time="0.065" />
  <testcase classname="grails.plugin.cucumber.CucumberTest" name="alternative duplicate article" time="0.044">
    <failure message="assert article == null&#xa;       |       |&#xa;       |       false&#xa;       A theory of software product line refinement" type="grails.plugin.cucumber.FakeAssertionFailedError">Assertion failed: 

assert article == null
       |       |
       |       false
       A theory of software product line refinement

	at ArticleSteps$_run_closure1.doCall(ArticleSteps.groovy:14)
	at ✽.Given the system has no article entitled &quot;A theory of software product line refinement&quot;(Article.feature:23)
</failure>
  </testcase>
  <testcase classname="grails.plugin.cucumber.CucumberTest" name="new article web" time="9.486">
    <failure message="title ==~ /Periodico Listagem/&#xa;|     |&#xa;|     false&#xa;Periódico Listagem" type="grails.plugin.cucumber.FakeAssertionFailedError">Assertion failed: 

title ==~ /Periodico Listagem/
|     |
|     false
Periódico Listagem

	at pages.ArticlesPage$__clinit__closure1.doCall(ArticlesPage.groovy:11)
	at geb.Page.verifyAt(Page.groovy:132)
	at geb.Browser.doAt(Browser.groovy:335)
	at geb.Browser.at(Browser.groovy:259)
	at geb.binding.BindingUpdater$InvocationForwarding.doCall(BindingUpdater.groovy:72)
	at ArticleSteps$_run_closure7.doCall(ArticleSteps.groovy:57)
	at ✽.And I select the new article option at the article page(Article.feature:32)
</failure>
  </testcase>
  <testcase classname="grails.plugin.cucumber.CucumberTest" name="remove existing article" time="0.07" />
  <testcase classname="grails.plugin.cucumber.CucumberTest" name="list existing article" time="0.064" />
  <testcase classname="grails.plugin.cucumber.CucumberTest" name="edit existing article" time="0.07" />
  <testcase classname="grails.plugin.cucumber.CucumberTest" name="remove existing article web" time="1.532">
    <failure message="title ==~ /Periodico Listagem/&#xa;|     |&#xa;|     false&#xa;Periódico Listagem" type="grails.plugin.cucumber.FakeAssertionFailedError">Assertion failed: 

title ==~ /Periodico Listagem/
|     |
|     false
Periódico Listagem

	at pages.ArticlesPage$__clinit__closure1.doCall(ArticlesPage.groovy:11)
	at geb.Page.verifyAt(Page.groovy:132)
	at geb.Browser.doAt(Browser.groovy:335)
	at geb.Browser.at(Browser.groovy:259)
	at geb.binding.BindingUpdater$InvocationForwarding.doCall(BindingUpdater.groovy:72)
	at ArticleSteps$_run_closure14.doCall(ArticleSteps.groovy:120)
	at ✽.When I select to view &quot;A theory of software product line refinement&quot; in resulting list(Article.feature:53)
</failure>
  </testcase>
  <testcase classname="grails.plugin.cucumber.CucumberTest" name="list existing article web" time="1.461">
    <failure message="title ==~ /Periodico Listagem/&#xa;|     |&#xa;|     false&#xa;Periódico Listagem" type="grails.plugin.cucumber.FakeAssertionFailedError">Assertion failed: 

title ==~ /Periodico Listagem/
|     |
|     false
Periódico Listagem

	at pages.ArticlesPage$__clinit__closure1.doCall(ArticlesPage.groovy:11)
	at geb.Page.verifyAt(Page.groovy:132)
	at geb.Browser.doAt(Browser.groovy:335)
	at geb.Browser.at(Browser.groovy:259)
	at geb.binding.BindingUpdater$InvocationForwarding.doCall(BindingUpdater.groovy:72)
	at ArticleSteps$_run_closure19.doCall(ArticleSteps.groovy:165)
	at ✽.Then my resulting articles list contains &quot;A theory of software product line refinement&quot;(Article.feature:59)
</failure>
  </testcase>
  <testcase classname="grails.plugin.cucumber.CucumberTest" name="edit existing article web" time="1.454">
    <failure message="title ==~ /Periodico Listagem/&#xa;|     |&#xa;|     false&#xa;Periódico Listagem" type="grails.plugin.cucumber.FakeAssertionFailedError">Assertion failed: 

title ==~ /Periodico Listagem/
|     |
|     false
Periódico Listagem

	at pages.ArticlesPage$__clinit__closure1.doCall(ArticlesPage.groovy:11)
	at geb.Page.verifyAt(Page.groovy:132)
	at geb.Browser.doAt(Browser.groovy:335)
	at geb.Browser.at(Browser.groovy:259)
	at geb.binding.BindingUpdater$InvocationForwarding.doCall(BindingUpdater.groovy:72)
	at ArticleSteps$_run_closure15.doCall(ArticleSteps.groovy:129)
	at ✽.When I select to view &quot;A theory of software product line refinement&quot; in resulting list and I change the article title to &quot;REVIEWED&quot;(Article.feature:64)
</failure>
  </testcase>
  <system-out><![CDATA[@i9n
Feature: journal article
  As a member of a research group
  I want to add, remove and modify journal articles I have published
  so that I can generate web pages and reports containing these articles

--Output from new article--
  Scenario: new article                                                                               # Article.feature:7
    Given the system has no article entitled "A theory of software product line refinement"           # ArticleSteps.groovy:12
      Assertion failed: 
      
      assert article == null
             |       |
             |       false
             A theory of software product line refinement
      
      	at org.codehaus.groovy.runtime.InvokerHelper.assertFailed(InvokerHelper.java:386)
      	at org.codehaus.groovy.runtime.ScriptBytecodeAdapter.assertFailed(ScriptBytecodeAdapter.java:658)
      	at ArticleSteps$_run_closure1.doCall(ArticleSteps.groovy:14)
      	at ?.Given the system has no article entitled "A theory of software product line refinement"(Article.feature:8)

    When I create the article "A theory of software product line refinement" with file name "TCS.pdf" # ArticleSteps.groovy:17
    Then the article "A theory of software product line refinement" is properly stored by the system  # ArticleSteps.groovy:21

--Output from new invalid article--
  Scenario: new invalid article                                                                                              # Article.feature:12
    Given the system has no article entitled "Algebraic reasoning for object-oriented programming"                           # ArticleSteps.groovy:12
    When I create the article "Algebraic reasoning for object-oriented programming" with file name "SCP.pdf"                 # ArticleSteps.groovy:17
    Then the article "Algebraic reasoning for object-oriented programming" is not stored by the system because it is invalid # ArticleSteps.groovy:26

--Output from duplicate article--
  Scenario: duplicate article                                                                                           # Article.feature:17
    Given the article "A theory of software product line refinement" is stored in the system with file name "TCS-0.pdf" # ArticleSteps.groovy:31
    When I create the article "A theory of software product line refinement" with file name "TCS-1.pdf"                 # ArticleSteps.groovy:17
    Then the article "A theory of software product line refinement" is not stored twice                                 # ArticleSteps.groovy:37

--Output from alternative duplicate article--
  Scenario: alternative duplicate article                                                           # Article.feature:22
    Given the system has no article entitled "A theory of software product line refinement"         # ArticleSteps.groovy:12
      Assertion failed: 
      
      assert article == null
             |       |
             |       false
             A theory of software product line refinement
      
      	at org.codehaus.groovy.runtime.InvokerHelper.assertFailed(InvokerHelper.java:386)
      	at org.codehaus.groovy.runtime.ScriptBytecodeAdapter.assertFailed(ScriptBytecodeAdapter.java:658)
      	at ArticleSteps$_run_closure1.doCall(ArticleSteps.groovy:14)
      	at ?.Given the system has no article entitled "A theory of software product line refinement"(Article.feature:23)

    When I create the article "A theory of software product line refinement" with file name "TCS-2" # ArticleSteps.groovy:17
    And I create the article "A theory of software product line refinement" with file name "TCS-3"  # ArticleSteps.groovy:17
    Then the article "A theory of software product line refinement" is not stored twice             # ArticleSteps.groovy:37

--Output from new article web--
  Scenario: new article web                                       # Article.feature:29
ENTROU no signIn
Enabled == trueENTROU NO TRYJefferson Almeida    Given I am at the publications menu                           # CommonSteps.groovy:6
    When I select the "Periodico" option at the publications menu # CommonSteps.groovy:13
    And I select the new article option at the article page       # ArticleSteps.groovy:56
      Assertion failed: 
      
      title ==~ /Periodico Listagem/
      |     |
      |     false
      Periódico Listagem
      
      	at org.codehaus.groovy.runtime.InvokerHelper.assertFailed(InvokerHelper.java:386)
      	at org.codehaus.groovy.runtime.ScriptBytecodeAdapter.assertFailed(ScriptBytecodeAdapter.java:658)
      	at pages.ArticlesPage$__clinit__closure1.doCall(ArticlesPage.groovy:11)
      	at sun.reflect.NativeMethodAccessorImpl.invoke0(Native Method)
      	at sun.reflect.NativeMethodAccessorImpl.invoke(NativeMethodAccessorImpl.java:57)
      	at sun.reflect.DelegatingMethodAccessorImpl.invoke(DelegatingMethodAccessorImpl.java:43)
      	at java.lang.reflect.Method.invoke(Method.java:601)
      	at org.codehaus.groovy.runtime.callsite.PogoMetaMethodSite$PogoCachedMethodSite.invoke(PogoMetaMethodSite.java:226)
      	at org.codehaus.groovy.runtime.callsite.PogoMetaMethodSite.callCurrent(PogoMetaMethodSite.java:52)
      	at org.codehaus.groovy.runtime.callsite.CallSiteArray.defaultCallCurrent(CallSiteArray.java:46)
      	at org.codehaus.groovy.runtime.callsite.AbstractCallSite.callCurrent(AbstractCallSite.java:133)
      	at org.codehaus.groovy.runtime.callsite.AbstractCallSite.callCurrent(AbstractCallSite.java:141)
      	at pages.ArticlesPage$__clinit__closure1.doCall(ArticlesPage.groovy)
      	at sun.reflect.NativeMethodAccessorImpl.invoke0(Native Method)
      	at sun.reflect.NativeMethodAccessorImpl.invoke(NativeMethodAccessorImpl.java:57)
      	at sun.reflect.DelegatingMethodAccessorImpl.invoke(DelegatingMethodAccessorImpl.java:43)
      	at java.lang.reflect.Method.invoke(Method.java:601)
      	at org.codehaus.groovy.reflection.CachedMethod.invoke(CachedMethod.java:90)
      	at groovy.lang.MetaMethod.doMethodInvoke(MetaMethod.java:233)
      	at groovy.lang.MetaClassImpl.invokeMethod(MetaClassImpl.java:1047)
      	at groovy.lang.ExpandoMetaClass.invokeMethod(ExpandoMetaClass.java:1110)
      	at groovy.lang.MetaClassImpl.invokeMethod(MetaClassImpl.java:877)
      	at groovy.lang.Closure.call(Closure.java:412)
      	at groovy.lang.Closure.call(Closure.java:406)
      	at java_util_concurrent_Callable$call.call(Unknown Source)
      	at org.codehaus.groovy.runtime.callsite.CallSiteArray.defaultCall(CallSiteArray.java:42)
      	at java_util_concurrent_Callable$call.call(Unknown Source)
      	at geb.Page.verifyAt(Page.groovy:132)
      	at geb.Page$verifyAt.call(Unknown Source)
      	at org.codehaus.groovy.runtime.callsite.CallSiteArray.defaultCall(CallSiteArray.java:42)
      	at geb.Page$verifyAt.call(Unknown Source)
      	at geb.Browser.doAt(Browser.groovy:335)
      	at geb.Browser.this$2$doAt(Browser.groovy)
      	at geb.Browser$this$2$doAt.callCurrent(Unknown Source)
      	at org.codehaus.groovy.runtime.callsite.CallSiteArray.defaultCallCurrent(CallSiteArray.java:46)
      	at geb.Browser$this$2$doAt.callCurrent(Unknown Source)
      	at geb.Browser.at(Browser.groovy:259)
      	at sun.reflect.NativeMethodAccessorImpl.invoke0(Native Method)
      	at sun.reflect.NativeMethodAccessorImpl.invoke(NativeMethodAccessorImpl.java:57)
      	at sun.reflect.DelegatingMethodAccessorImpl.invoke(DelegatingMethodAccessorImpl.java:43)
      	at java.lang.reflect.Method.invoke(Method.java:601)
      	at org.codehaus.groovy.reflection.CachedMethod.invoke(CachedMethod.java:90)
      	at groovy.lang.MetaMethod.doMethodInvoke(MetaMethod.java:233)
      	at groovy.lang.MetaClassImpl.invokeMethod(MetaClassImpl.java:1047)
      	at groovy.lang.ExpandoMetaClass.invokeMethod(ExpandoMetaClass.java:1110)
      	at groovy.lang.MetaClassImpl.invokeMethod(MetaClassImpl.java:877)
      	at org.codehaus.groovy.runtime.InvokerHelper.invokePogoMethod(InvokerHelper.java:793)
      	at org.codehaus.groovy.runtime.InvokerHelper.invokeMethod(InvokerHelper.java:776)
      	at org.codehaus.groovy.runtime.ScriptBytecodeAdapter.invokeMethodN(ScriptBytecodeAdapter.java:164)
      	at geb.binding.BindingUpdater$InvocationForwarding.doCall(BindingUpdater.groovy:72)
      	at sun.reflect.NativeMethodAccessorImpl.invoke0(Native Method)
      	at sun.reflect.NativeMethodAccessorImpl.invoke(NativeMethodAccessorImpl.java:57)
      	at sun.reflect.DelegatingMethodAccessorImpl.invoke(DelegatingMethodAccessorImpl.java:43)
      	at java.lang.reflect.Method.invoke(Method.java:601)
      	at org.codehaus.groovy.reflection.CachedMethod.invoke(CachedMethod.java:90)
      	at groovy.lang.MetaMethod.doMethodInvoke(MetaMethod.java:233)
      	at groovy.lang.MetaClassImpl.invokeMethod(MetaClassImpl.java:1047)
      	at groovy.lang.ExpandoMetaClass.invokeMethod(ExpandoMetaClass.java:1110)
      	at groovy.lang.MetaClassImpl.invokeMethod(MetaClassImpl.java:877)
      	at groovy.lang.Closure.call(Closure.java:412)
      	at groovy.lang.Closure.call(Closure.java:425)
      	at sun.reflect.GeneratedMethodAccessor73.invoke(Unknown Source)
      	at sun.reflect.DelegatingMethodAccessorImpl.invoke(DelegatingMethodAccessorImpl.java:43)
      	at java.lang.reflect.Method.invoke(Method.java:601)
      	at org.codehaus.groovy.reflection.CachedMethod.invoke(CachedMethod.java:90)
      	at groovy.lang.MetaMethod.doMethodInvoke(MetaMethod.java:233)
      	at groovy.lang.MetaClassImpl.invokeMethod(MetaClassImpl.java:1047)
      	at groovy.lang.ExpandoMetaClass.invokeMethod(ExpandoMetaClass.java:1110)
      	at groovy.lang.MetaClassImpl.invokeMethod(MetaClassImpl.java:877)
      	at groovy.lang.MetaClassImpl.invokePropertyOrMissing(MetaClassImpl.java:1093)
      	at groovy.lang.MetaClassImpl.invokeMethod(MetaClassImpl.java:1049)
      	at groovy.lang.ExpandoMetaClass.invokeMethod(ExpandoMetaClass.java:1110)
      	at groovy.lang.MetaClassImpl.invokeMethod(MetaClassImpl.java:877)
      	at groovy.lang.MetaClassImpl.invokeMethod(MetaClassImpl.java:697)
      	at groovy.lang.GroovyObjectSupport.invokeMethod(GroovyObjectSupport.java:44)
      	at groovy.lang.Script.invokeMethod(Script.java:78)
      	at groovy.lang.MetaClassImpl.invokeMethodOnGroovyObject(MetaClassImpl.java:1112)
      	at groovy.lang.MetaClassImpl.invokeMethod(MetaClassImpl.java:1006)
      	at groovy.lang.ExpandoMetaClass.invokeMethod(ExpandoMetaClass.java:1110)
      	at groovy.lang.MetaClassImpl.invokeMethod(MetaClassImpl.java:877)
      	at org.codehaus.groovy.runtime.callsite.PogoMetaClassSite.callCurrent(PogoMetaClassSite.java:66)
      	at org.codehaus.groovy.runtime.callsite.CallSiteArray.defaultCallCurrent(CallSiteArray.java:46)
      	at org.codehaus.groovy.runtime.callsite.AbstractCallSite.callCurrent(AbstractCallSite.java:133)
      	at org.codehaus.groovy.runtime.callsite.AbstractCallSite.callCurrent(AbstractCallSite.java:141)
      	at ArticleSteps$_run_closure7.doCall(ArticleSteps.groovy:57)
      	at ?.And I select the new article option at the article page(Article.feature:32)

    Then I can fill the article details                           # ArticleSteps.groovy:61

--Output from remove existing article--
  Scenario: remove existing article                                                                               # Article.feature:35
    Given the system has article entitled "A theory of software product line refinement" with file name "TCS.pdf" # ArticleSteps.groovy:76
    When I delete the article "A theory of software product line refinement"                                      # ArticleSteps.groovy:96
    Then the article "A theory of software product line refinement" is properly removed by the system             # ArticleSteps.groovy:148

--Output from list existing article--
  Scenario: list existing article                                                                                 # Article.feature:40
    Given the system has article entitled "A theory of software product line refinement" with file name "TCS.pdf" # ArticleSteps.groovy:76
    When I view the article list                                                                                  # ArticleSteps.groovy:111
    Then my article list contains "A theory of software product line refinement"                                  # ArticleSteps.groovy:156

--Output from edit existing article--
  Scenario: edit existing article                                                                                                                # Article.feature:45
    Given the system has article entitled "A theory of software product line refinement" with file name "TCS.pdf"                                # ArticleSteps.groovy:76
    When I edit the article title from "A theory of software product line refinement" to "A theory of software product line refinement REVIEWED" # ArticleSteps.groovy:103
    Then the article "A theory of software product line refinement" is properly updated by the system                                            # ArticleSteps.groovy:140

--Output from remove existing article web--
  Scenario: remove existing article web                                                                                                                 # Article.feature:50
ENTROU no signIn
Enabled == trueENTROU NO TRYJefferson Almeida    Given I am at the publications menu and the article "A theory of software product line refinement" is stored in the system with file name "TCS.pdf" # ArticleSteps.groovy:86
    And I select the "Periodico" option at the publications menu                                                                                        # CommonSteps.groovy:13
    When I select to view "A theory of software product line refinement" in resulting list                                                              # ArticleSteps.groovy:119
      Assertion failed: 
      
      title ==~ /Periodico Listagem/
      |     |
      |     false
      Periódico Listagem
      
      	at org.codehaus.groovy.runtime.InvokerHelper.assertFailed(InvokerHelper.java:386)
      	at org.codehaus.groovy.runtime.ScriptBytecodeAdapter.assertFailed(ScriptBytecodeAdapter.java:658)
      	at pages.ArticlesPage$__clinit__closure1.doCall(ArticlesPage.groovy:11)
      	at sun.reflect.NativeMethodAccessorImpl.invoke0(Native Method)
      	at sun.reflect.NativeMethodAccessorImpl.invoke(NativeMethodAccessorImpl.java:57)
      	at sun.reflect.DelegatingMethodAccessorImpl.invoke(DelegatingMethodAccessorImpl.java:43)
      	at java.lang.reflect.Method.invoke(Method.java:601)
      	at org.codehaus.groovy.runtime.callsite.PogoMetaMethodSite$PogoCachedMethodSite.invoke(PogoMetaMethodSite.java:226)
      	at org.codehaus.groovy.runtime.callsite.PogoMetaMethodSite.callCurrent(PogoMetaMethodSite.java:52)
      	at org.codehaus.groovy.runtime.callsite.AbstractCallSite.callCurrent(AbstractCallSite.java:141)
      	at pages.ArticlesPage$__clinit__closure1.doCall(ArticlesPage.groovy)
      	at sun.reflect.NativeMethodAccessorImpl.invoke0(Native Method)
      	at sun.reflect.NativeMethodAccessorImpl.invoke(NativeMethodAccessorImpl.java:57)
      	at sun.reflect.DelegatingMethodAccessorImpl.invoke(DelegatingMethodAccessorImpl.java:43)
      	at java.lang.reflect.Method.invoke(Method.java:601)
      	at org.codehaus.groovy.reflection.CachedMethod.invoke(CachedMethod.java:90)
      	at groovy.lang.MetaMethod.doMethodInvoke(MetaMethod.java:233)
      	at groovy.lang.MetaClassImpl.invokeMethod(MetaClassImpl.java:1047)
      	at groovy.lang.ExpandoMetaClass.invokeMethod(ExpandoMetaClass.java:1110)
      	at groovy.lang.MetaClassImpl.invokeMethod(MetaClassImpl.java:877)
      	at groovy.lang.Closure.call(Closure.java:412)
      	at groovy.lang.Closure.call(Closure.java:406)
      	at java_util_concurrent_Callable$call.call(Unknown Source)
      	at org.codehaus.groovy.runtime.callsite.CallSiteArray.defaultCall(CallSiteArray.java:42)
      	at java_util_concurrent_Callable$call.call(Unknown Source)
      	at geb.Page.verifyAt(Page.groovy:132)
      	at geb.Page$verifyAt.call(Unknown Source)
      	at org.codehaus.groovy.runtime.callsite.CallSiteArray.defaultCall(CallSiteArray.java:42)
      	at geb.Page$verifyAt.call(Unknown Source)
      	at geb.Browser.doAt(Browser.groovy:335)
      	at geb.Browser.this$2$doAt(Browser.groovy)
      	at geb.Browser$this$2$doAt.callCurrent(Unknown Source)
      	at org.codehaus.groovy.runtime.callsite.CallSiteArray.defaultCallCurrent(CallSiteArray.java:46)
      	at geb.Browser$this$2$doAt.callCurrent(Unknown Source)
      	at geb.Browser.at(Browser.groovy:259)
      	at sun.reflect.NativeMethodAccessorImpl.invoke0(Native Method)
      	at sun.reflect.NativeMethodAccessorImpl.invoke(NativeMethodAccessorImpl.java:57)
      	at sun.reflect.DelegatingMethodAccessorImpl.invoke(DelegatingMethodAccessorImpl.java:43)
      	at java.lang.reflect.Method.invoke(Method.java:601)
      	at org.codehaus.groovy.reflection.CachedMethod.invoke(CachedMethod.java:90)
      	at groovy.lang.MetaMethod.doMethodInvoke(MetaMethod.java:233)
      	at groovy.lang.MetaClassImpl.invokeMethod(MetaClassImpl.java:1047)
      	at groovy.lang.ExpandoMetaClass.invokeMethod(ExpandoMetaClass.java:1110)
      	at groovy.lang.MetaClassImpl.invokeMethod(MetaClassImpl.java:877)
      	at org.codehaus.groovy.runtime.InvokerHelper.invokePogoMethod(InvokerHelper.java:793)
      	at org.codehaus.groovy.runtime.InvokerHelper.invokeMethod(InvokerHelper.java:776)
      	at org.codehaus.groovy.runtime.ScriptBytecodeAdapter.invokeMethodN(ScriptBytecodeAdapter.java:164)
      	at geb.binding.BindingUpdater$InvocationForwarding.doCall(BindingUpdater.groovy:72)
      	at sun.reflect.NativeMethodAccessorImpl.invoke0(Native Method)
      	at sun.reflect.NativeMethodAccessorImpl.invoke(NativeMethodAccessorImpl.java:57)
      	at sun.reflect.DelegatingMethodAccessorImpl.invoke(DelegatingMethodAccessorImpl.java:43)
      	at java.lang.reflect.Method.invoke(Method.java:601)
      	at org.codehaus.groovy.reflection.CachedMethod.invoke(CachedMethod.java:90)
      	at groovy.lang.MetaMethod.doMethodInvoke(MetaMethod.java:233)
      	at groovy.lang.MetaClassImpl.invokeMethod(MetaClassImpl.java:1047)
      	at groovy.lang.ExpandoMetaClass.invokeMethod(ExpandoMetaClass.java:1110)
      	at groovy.lang.MetaClassImpl.invokeMethod(MetaClassImpl.java:877)
      	at groovy.lang.Closure.call(Closure.java:412)
      	at groovy.lang.Closure.call(Closure.java:425)
      	at sun.reflect.GeneratedMethodAccessor73.invoke(Unknown Source)
      	at sun.reflect.DelegatingMethodAccessorImpl.invoke(DelegatingMethodAccessorImpl.java:43)
      	at java.lang.reflect.Method.invoke(Method.java:601)
      	at org.codehaus.groovy.reflection.CachedMethod.invoke(CachedMethod.java:90)
      	at groovy.lang.MetaMethod.doMethodInvoke(MetaMethod.java:233)
      	at groovy.lang.MetaClassImpl.invokeMethod(MetaClassImpl.java:1047)
      	at groovy.lang.ExpandoMetaClass.invokeMethod(ExpandoMetaClass.java:1110)
      	at groovy.lang.MetaClassImpl.invokeMethod(MetaClassImpl.java:877)
      	at groovy.lang.MetaClassImpl.invokePropertyOrMissing(MetaClassImpl.java:1093)
      	at groovy.lang.MetaClassImpl.invokeMethod(MetaClassImpl.java:1049)
      	at groovy.lang.ExpandoMetaClass.invokeMethod(ExpandoMetaClass.java:1110)
      	at groovy.lang.MetaClassImpl.invokeMethod(MetaClassImpl.java:877)
      	at groovy.lang.MetaClassImpl.invokeMethod(MetaClassImpl.java:697)
      	at groovy.lang.GroovyObjectSupport.invokeMethod(GroovyObjectSupport.java:44)
      	at groovy.lang.Script.invokeMethod(Script.java:78)
      	at groovy.lang.MetaClassImpl.invokeMethodOnGroovyObject(MetaClassImpl.java:1112)
      	at groovy.lang.MetaClassImpl.invokeMethod(MetaClassImpl.java:1006)
      	at groovy.lang.ExpandoMetaClass.invokeMethod(ExpandoMetaClass.java:1110)
      	at groovy.lang.MetaClassImpl.invokeMethod(MetaClassImpl.java:877)
      	at org.codehaus.groovy.runtime.callsite.PogoMetaClassSite.callCurrent(PogoMetaClassSite.java:66)
      	at org.codehaus.groovy.runtime.callsite.CallSiteArray.defaultCallCurrent(CallSiteArray.java:46)
      	at org.codehaus.groovy.runtime.callsite.AbstractCallSite.callCurrent(AbstractCallSite.java:133)
      	at org.codehaus.groovy.runtime.callsite.AbstractCallSite.callCurrent(AbstractCallSite.java:141)
      	at ArticleSteps$_run_closure14.doCall(ArticleSteps.groovy:120)
      	at ?.When I select to view "A theory of software product line refinement" in resulting list(Article.feature:53)

    Then the details are showed and I can select the option to remove                                                                                   # ArticleSteps.groovy:172

--Output from list existing article web--
  Scenario: list existing article web                                                                                                                   # Article.feature:56
ENTROU no signIn
Enabled == trueENTROU NO TRYJefferson Almeida    Given I am at the publications menu and the article "A theory of software product line refinement" is stored in the system with file name "TCS.pdf" # ArticleSteps.groovy:86
    When I select the "Periodico" option at the publications menu                                                                                       # CommonSteps.groovy:13
    Then my resulting articles list contains "A theory of software product line refinement"                                                             # ArticleSteps.groovy:164
      Assertion failed: 
      
      title ==~ /Periodico Listagem/
      |     |
      |     false
      Periódico Listagem
      
      	at org.codehaus.groovy.runtime.InvokerHelper.assertFailed(InvokerHelper.java:386)
      	at org.codehaus.groovy.runtime.ScriptBytecodeAdapter.assertFailed(ScriptBytecodeAdapter.java:658)
      	at pages.ArticlesPage$__clinit__closure1.doCall(ArticlesPage.groovy:11)
      	at sun.reflect.NativeMethodAccessorImpl.invoke0(Native Method)
      	at sun.reflect.NativeMethodAccessorImpl.invoke(NativeMethodAccessorImpl.java:57)
      	at sun.reflect.DelegatingMethodAccessorImpl.invoke(DelegatingMethodAccessorImpl.java:43)
      	at java.lang.reflect.Method.invoke(Method.java:601)
      	at org.codehaus.groovy.runtime.callsite.PogoMetaMethodSite$PogoCachedMethodSite.invoke(PogoMetaMethodSite.java:226)
      	at org.codehaus.groovy.runtime.callsite.PogoMetaMethodSite.callCurrent(PogoMetaMethodSite.java:52)
      	at org.codehaus.groovy.runtime.callsite.AbstractCallSite.callCurrent(AbstractCallSite.java:141)
      	at pages.ArticlesPage$__clinit__closure1.doCall(ArticlesPage.groovy)
      	at sun.reflect.NativeMethodAccessorImpl.invoke0(Native Method)
      	at sun.reflect.NativeMethodAccessorImpl.invoke(NativeMethodAccessorImpl.java:57)
      	at sun.reflect.DelegatingMethodAccessorImpl.invoke(DelegatingMethodAccessorImpl.java:43)
      	at java.lang.reflect.Method.invoke(Method.java:601)
      	at org.codehaus.groovy.reflection.CachedMethod.invoke(CachedMethod.java:90)
      	at groovy.lang.MetaMethod.doMethodInvoke(MetaMethod.java:233)
      	at groovy.lang.MetaClassImpl.invokeMethod(MetaClassImpl.java:1047)
      	at groovy.lang.ExpandoMetaClass.invokeMethod(ExpandoMetaClass.java:1110)
      	at groovy.lang.MetaClassImpl.invokeMethod(MetaClassImpl.java:877)
      	at groovy.lang.Closure.call(Closure.java:412)
      	at groovy.lang.Closure.call(Closure.java:406)
      	at java_util_concurrent_Callable$call.call(Unknown Source)
      	at org.codehaus.groovy.runtime.callsite.CallSiteArray.defaultCall(CallSiteArray.java:42)
      	at java_util_concurrent_Callable$call.call(Unknown Source)
      	at geb.Page.verifyAt(Page.groovy:132)
      	at geb.Page$verifyAt.call(Unknown Source)
      	at org.codehaus.groovy.runtime.callsite.CallSiteArray.defaultCall(CallSiteArray.java:42)
      	at geb.Page$verifyAt.call(Unknown Source)
      	at geb.Browser.doAt(Browser.groovy:335)
      	at geb.Browser.this$2$doAt(Browser.groovy)
      	at geb.Browser$this$2$doAt.callCurrent(Unknown Source)
      	at org.codehaus.groovy.runtime.callsite.CallSiteArray.defaultCallCurrent(CallSiteArray.java:46)
      	at geb.Browser$this$2$doAt.callCurrent(Unknown Source)
      	at geb.Browser.at(Browser.groovy:259)
      	at sun.reflect.NativeMethodAccessorImpl.invoke0(Native Method)
      	at sun.reflect.NativeMethodAccessorImpl.invoke(NativeMethodAccessorImpl.java:57)
      	at sun.reflect.DelegatingMethodAccessorImpl.invoke(DelegatingMethodAccessorImpl.java:43)
      	at java.lang.reflect.Method.invoke(Method.java:601)
      	at org.codehaus.groovy.reflection.CachedMethod.invoke(CachedMethod.java:90)
      	at groovy.lang.MetaMethod.doMethodInvoke(MetaMethod.java:233)
      	at groovy.lang.MetaClassImpl.invokeMethod(MetaClassImpl.java:1047)
      	at groovy.lang.ExpandoMetaClass.invokeMethod(ExpandoMetaClass.java:1110)
      	at groovy.lang.MetaClassImpl.invokeMethod(MetaClassImpl.java:877)
      	at org.codehaus.groovy.runtime.InvokerHelper.invokePogoMethod(InvokerHelper.java:793)
      	at org.codehaus.groovy.runtime.InvokerHelper.invokeMethod(InvokerHelper.java:776)
      	at org.codehaus.groovy.runtime.ScriptBytecodeAdapter.invokeMethodN(ScriptBytecodeAdapter.java:164)
      	at geb.binding.BindingUpdater$InvocationForwarding.doCall(BindingUpdater.groovy:72)
      	at sun.reflect.NativeMethodAccessorImpl.invoke0(Native Method)
      	at sun.reflect.NativeMethodAccessorImpl.invoke(NativeMethodAccessorImpl.java:57)
      	at sun.reflect.DelegatingMethodAccessorImpl.invoke(DelegatingMethodAccessorImpl.java:43)
      	at java.lang.reflect.Method.invoke(Method.java:601)
      	at org.codehaus.groovy.reflection.CachedMethod.invoke(CachedMethod.java:90)
      	at groovy.lang.MetaMethod.doMethodInvoke(MetaMethod.java:233)
      	at groovy.lang.MetaClassImpl.invokeMethod(MetaClassImpl.java:1047)
      	at groovy.lang.ExpandoMetaClass.invokeMethod(ExpandoMetaClass.java:1110)
      	at groovy.lang.MetaClassImpl.invokeMethod(MetaClassImpl.java:877)
      	at groovy.lang.Closure.call(Closure.java:412)
      	at groovy.lang.Closure.call(Closure.java:425)
      	at sun.reflect.GeneratedMethodAccessor73.invoke(Unknown Source)
      	at sun.reflect.DelegatingMethodAccessorImpl.invoke(DelegatingMethodAccessorImpl.java:43)
      	at java.lang.reflect.Method.invoke(Method.java:601)
      	at org.codehaus.groovy.reflection.CachedMethod.invoke(CachedMethod.java:90)
      	at groovy.lang.MetaMethod.doMethodInvoke(MetaMethod.java:233)
      	at groovy.lang.MetaClassImpl.invokeMethod(MetaClassImpl.java:1047)
      	at groovy.lang.ExpandoMetaClass.invokeMethod(ExpandoMetaClass.java:1110)
      	at groovy.lang.MetaClassImpl.invokeMethod(MetaClassImpl.java:877)
      	at groovy.lang.MetaClassImpl.invokePropertyOrMissing(MetaClassImpl.java:1093)
      	at groovy.lang.MetaClassImpl.invokeMethod(MetaClassImpl.java:1049)
      	at groovy.lang.ExpandoMetaClass.invokeMethod(ExpandoMetaClass.java:1110)
      	at groovy.lang.MetaClassImpl.invokeMethod(MetaClassImpl.java:877)
      	at groovy.lang.MetaClassImpl.invokeMethod(MetaClassImpl.java:697)
      	at groovy.lang.GroovyObjectSupport.invokeMethod(GroovyObjectSupport.java:44)
      	at groovy.lang.Script.invokeMethod(Script.java:78)
      	at groovy.lang.MetaClassImpl.invokeMethodOnGroovyObject(MetaClassImpl.java:1112)
      	at groovy.lang.MetaClassImpl.invokeMethod(MetaClassImpl.java:1006)
      	at groovy.lang.ExpandoMetaClass.invokeMethod(ExpandoMetaClass.java:1110)
      	at groovy.lang.MetaClassImpl.invokeMethod(MetaClassImpl.java:877)
      	at org.codehaus.groovy.runtime.callsite.PogoMetaClassSite.callCurrent(PogoMetaClassSite.java:66)
      	at org.codehaus.groovy.runtime.callsite.CallSiteArray.defaultCallCurrent(CallSiteArray.java:46)
      	at org.codehaus.groovy.runtime.callsite.AbstractCallSite.callCurrent(AbstractCallSite.java:133)
      	at org.codehaus.groovy.runtime.callsite.AbstractCallSite.callCurrent(AbstractCallSite.java:141)
      	at ArticleSteps$_run_closure19.doCall(ArticleSteps.groovy:165)
      	at ?.Then my resulting articles list contains "A theory of software product line refinement"(Article.feature:59)


--Output from edit existing article web--
  Scenario: edit existing article web                                                                                                                   # Article.feature:61
ENTROU no signIn
Enabled == trueENTROU NO TRYJefferson Almeida    Given I am at the publications menu and the article "A theory of software product line refinement" is stored in the system with file name "TCS.pdf" # ArticleSteps.groovy:86
    And I select the "Periodico" option at the publications menu                                                                                        # CommonSteps.groovy:13
    When I select to view "A theory of software product line refinement" in resulting list and I change the article title to "REVIEWED"                 # ArticleSteps.groovy:128
      Assertion failed: 
      
      title ==~ /Periodico Listagem/
      |     |
      |     false
      Periódico Listagem
      
      	at org.codehaus.groovy.runtime.InvokerHelper.assertFailed(InvokerHelper.java:386)
      	at org.codehaus.groovy.runtime.ScriptBytecodeAdapter.assertFailed(ScriptBytecodeAdapter.java:658)
      	at pages.ArticlesPage$__clinit__closure1.doCall(ArticlesPage.groovy:11)
      	at sun.reflect.NativeMethodAccessorImpl.invoke0(Native Method)
      	at sun.reflect.NativeMethodAccessorImpl.invoke(NativeMethodAccessorImpl.java:57)
      	at sun.reflect.DelegatingMethodAccessorImpl.invoke(DelegatingMethodAccessorImpl.java:43)
      	at java.lang.reflect.Method.invoke(Method.java:601)
      	at org.codehaus.groovy.runtime.callsite.PogoMetaMethodSite$PogoCachedMethodSite.invoke(PogoMetaMethodSite.java:226)
      	at org.codehaus.groovy.runtime.callsite.PogoMetaMethodSite.callCurrent(PogoMetaMethodSite.java:52)
      	at org.codehaus.groovy.runtime.callsite.AbstractCallSite.callCurrent(AbstractCallSite.java:141)
      	at pages.ArticlesPage$__clinit__closure1.doCall(ArticlesPage.groovy)
      	at sun.reflect.NativeMethodAccessorImpl.invoke0(Native Method)
      	at sun.reflect.NativeMethodAccessorImpl.invoke(NativeMethodAccessorImpl.java:57)
      	at sun.reflect.DelegatingMethodAccessorImpl.invoke(DelegatingMethodAccessorImpl.java:43)
      	at java.lang.reflect.Method.invoke(Method.java:601)
      	at org.codehaus.groovy.reflection.CachedMethod.invoke(CachedMethod.java:90)
      	at groovy.lang.MetaMethod.doMethodInvoke(MetaMethod.java:233)
      	at groovy.lang.MetaClassImpl.invokeMethod(MetaClassImpl.java:1047)
      	at groovy.lang.ExpandoMetaClass.invokeMethod(ExpandoMetaClass.java:1110)
      	at groovy.lang.MetaClassImpl.invokeMethod(MetaClassImpl.java:877)
      	at groovy.lang.Closure.call(Closure.java:412)
      	at groovy.lang.Closure.call(Closure.java:406)
      	at java_util_concurrent_Callable$call.call(Unknown Source)
      	at org.codehaus.groovy.runtime.callsite.CallSiteArray.defaultCall(CallSiteArray.java:42)
      	at java_util_concurrent_Callable$call.call(Unknown Source)
      	at geb.Page.verifyAt(Page.groovy:132)
      	at geb.Page$verifyAt.call(Unknown Source)
      	at org.codehaus.groovy.runtime.callsite.CallSiteArray.defaultCall(CallSiteArray.java:42)
      	at geb.Page$verifyAt.call(Unknown Source)
      	at geb.Browser.doAt(Browser.groovy:335)
      	at geb.Browser.this$2$doAt(Browser.groovy)
      	at geb.Browser$this$2$doAt.callCurrent(Unknown Source)
      	at org.codehaus.groovy.runtime.callsite.CallSiteArray.defaultCallCurrent(CallSiteArray.java:46)
      	at geb.Browser$this$2$doAt.callCurrent(Unknown Source)
      	at geb.Browser.at(Browser.groovy:259)
      	at sun.reflect.NativeMethodAccessorImpl.invoke0(Native Method)
      	at sun.reflect.NativeMethodAccessorImpl.invoke(NativeMethodAccessorImpl.java:57)
      	at sun.reflect.DelegatingMethodAccessorImpl.invoke(DelegatingMethodAccessorImpl.java:43)
      	at java.lang.reflect.Method.invoke(Method.java:601)
      	at org.codehaus.groovy.reflection.CachedMethod.invoke(CachedMethod.java:90)
      	at groovy.lang.MetaMethod.doMethodInvoke(MetaMethod.java:233)
      	at groovy.lang.MetaClassImpl.invokeMethod(MetaClassImpl.java:1047)
      	at groovy.lang.ExpandoMetaClass.invokeMethod(ExpandoMetaClass.java:1110)
      	at groovy.lang.MetaClassImpl.invokeMethod(MetaClassImpl.java:877)
      	at org.codehaus.groovy.runtime.InvokerHelper.invokePogoMethod(InvokerHelper.java:793)
      	at org.codehaus.groovy.runtime.InvokerHelper.invokeMethod(InvokerHelper.java:776)
      	at org.codehaus.groovy.runtime.ScriptBytecodeAdapter.invokeMethodN(ScriptBytecodeAdapter.java:164)
      	at geb.binding.BindingUpdater$InvocationForwarding.doCall(BindingUpdater.groovy:72)
      	at sun.reflect.NativeMethodAccessorImpl.invoke0(Native Method)
      	at sun.reflect.NativeMethodAccessorImpl.invoke(NativeMethodAccessorImpl.java:57)
      	at sun.reflect.DelegatingMethodAccessorImpl.invoke(DelegatingMethodAccessorImpl.java:43)
      	at java.lang.reflect.Method.invoke(Method.java:601)
      	at org.codehaus.groovy.reflection.CachedMethod.invoke(CachedMethod.java:90)
      	at groovy.lang.MetaMethod.doMethodInvoke(MetaMethod.java:233)
      	at groovy.lang.MetaClassImpl.invokeMethod(MetaClassImpl.java:1047)
      	at groovy.lang.ExpandoMetaClass.invokeMethod(ExpandoMetaClass.java:1110)
      	at groovy.lang.MetaClassImpl.invokeMethod(MetaClassImpl.java:877)
      	at groovy.lang.Closure.call(Closure.java:412)
      	at groovy.lang.Closure.call(Closure.java:425)
      	at sun.reflect.GeneratedMethodAccessor73.invoke(Unknown Source)
      	at sun.reflect.DelegatingMethodAccessorImpl.invoke(DelegatingMethodAccessorImpl.java:43)
      	at java.lang.reflect.Method.invoke(Method.java:601)
      	at org.codehaus.groovy.reflection.CachedMethod.invoke(CachedMethod.java:90)
      	at groovy.lang.MetaMethod.doMethodInvoke(MetaMethod.java:233)
      	at groovy.lang.MetaClassImpl.invokeMethod(MetaClassImpl.java:1047)
      	at groovy.lang.ExpandoMetaClass.invokeMethod(ExpandoMetaClass.java:1110)
      	at groovy.lang.MetaClassImpl.invokeMethod(MetaClassImpl.java:877)
      	at groovy.lang.MetaClassImpl.invokePropertyOrMissing(MetaClassImpl.java:1093)
      	at groovy.lang.MetaClassImpl.invokeMethod(MetaClassImpl.java:1049)
      	at groovy.lang.ExpandoMetaClass.invokeMethod(ExpandoMetaClass.java:1110)
      	at groovy.lang.MetaClassImpl.invokeMethod(MetaClassImpl.java:877)
      	at groovy.lang.MetaClassImpl.invokeMethod(MetaClassImpl.java:697)
      	at groovy.lang.GroovyObjectSupport.invokeMethod(GroovyObjectSupport.java:44)
      	at groovy.lang.Script.invokeMethod(Script.java:78)
      	at groovy.lang.MetaClassImpl.invokeMethodOnGroovyObject(MetaClassImpl.java:1112)
      	at groovy.lang.MetaClassImpl.invokeMethod(MetaClassImpl.java:1006)
      	at groovy.lang.ExpandoMetaClass.invokeMethod(ExpandoMetaClass.java:1110)
      	at groovy.lang.MetaClassImpl.invokeMethod(MetaClassImpl.java:877)
      	at org.codehaus.groovy.runtime.callsite.PogoMetaClassSite.callCurrent(PogoMetaClassSite.java:66)
      	at org.codehaus.groovy.runtime.callsite.CallSiteArray.defaultCallCurrent(CallSiteArray.java:46)
      	at org.codehaus.groovy.runtime.callsite.AbstractCallSite.callCurrent(AbstractCallSite.java:133)
      	at org.codehaus.groovy.runtime.callsite.AbstractCallSite.callCurrent(AbstractCallSite.java:141)
      	at ArticleSteps$_run_closure15.doCall(ArticleSteps.groovy:129)
      	at ?.When I select to view "A theory of software product line refinement" in resulting list and I change the article title to "REVIEWED"(Article.feature:64)

    Then I can select the "Alterar" option                                                                                                              # ArticleSteps.groovy:180
]]></system-out>
  <system-err><![CDATA[
--Output from new article--
--Output from new invalid article--
--Output from duplicate article--
--Output from alternative duplicate article--
--Output from new article web--Started ChromeDriver
port=11696
version=26.0.1383.0
log=C:\Users\Paola2\Documents\Universidade\doutorado\Monitoria\if722\workrgms\rgms\chromedriver.log

--Output from remove existing article--
--Output from list existing article--
--Output from edit existing article--
--Output from remove existing article web--
--Output from list existing article web--
--Output from edit existing article web--]]></system-err>
</testsuite>
