<?xml version="1.0" encoding="UTF-8" ?>
<testsuite errors="4" failures="0" hostname="Paola2-PC" name="Authentication Process" tests="10" time="10.593" timestamp="2013-03-16T14:45:39">
  <properties />
  <testcase classname="grails.plugin.cucumber.CucumberTest" name="" time="0.889" />
  <testcase classname="grails.plugin.cucumber.CucumberTest" name="" time="0.982" />
  <testcase classname="grails.plugin.cucumber.CucumberTest" name="" time="1.634">
    <error message="the number of constructors during runtime and compile time for java.lang.Exception do not match. Expected 4 but got 5" type="java.lang.IncompatibleClassChangeError">java.lang.IncompatibleClassChangeError: the number of constructors during runtime and compile time for java.lang.Exception do not match. Expected 4 but got 5
	at geb.error.GebException.&lt;init&gt;(GebException.groovy:20)
	at geb.error.UndefinedPageContentException.&lt;init&gt;(UndefinedPageContentException.groovy:20)
	at geb.content.NavigableSupport.getContent(NavigableSupport.groovy:45)
	at geb.content.NavigableSupport.methodMissing(NavigableSupport.groovy:123)
	at pages.UserRegisterPage.createNewUser(UserRegisterPage.groovy:33)
	at AuthenticationSteps$_run_closure15.doCall(AuthenticationSteps.groovy:84)
	at ✽.When I register a user with success(Authentication.feature:25)
</error>
  </testcase>
  <testcase classname="grails.plugin.cucumber.CucumberTest" name="" time="0.951">
    <error message="the number of constructors during runtime and compile time for java.lang.Exception do not match. Expected 4 but got 5" type="java.lang.IncompatibleClassChangeError">java.lang.IncompatibleClassChangeError: the number of constructors during runtime and compile time for java.lang.Exception do not match. Expected 4 but got 5
	at geb.error.GebException.&lt;init&gt;(GebException.groovy:20)
	at geb.error.UndefinedPageContentException.&lt;init&gt;(UndefinedPageContentException.groovy:20)
	at geb.content.NavigableSupport.getContent(NavigableSupport.groovy:45)
	at geb.content.NavigableSupport.methodMissing(NavigableSupport.groovy:123)
	at geb.content.NavigableSupport.propertyMissing(NavigableSupport.groovy:143)
	at AuthenticationSteps$_run_closure19.doCall(AuthenticationSteps.groovy:109)
	at ✽.When I try to create a &quot;newuser&quot; username with the &quot;invalid email abcde&quot; email(Authentication.feature:33)
</error>
  </testcase>
  <testcase classname="grails.plugin.cucumber.CucumberTest" name="" time="0.835" />
  <testcase classname="grails.plugin.cucumber.CucumberTest" name="" time="0.222" />
  <testcase classname="grails.plugin.cucumber.CucumberTest" name="" time="0.209" />
  <testcase classname="grails.plugin.cucumber.CucumberTest" name="" time="1.06">
    <error message="the number of constructors during runtime and compile time for java.lang.Exception do not match. Expected 4 but got 5" type="java.lang.IncompatibleClassChangeError">java.lang.IncompatibleClassChangeError: the number of constructors during runtime and compile time for java.lang.Exception do not match. Expected 4 but got 5
	at geb.error.GebException.&lt;init&gt;(GebException.groovy:20)
	at geb.error.UndefinedPageContentException.&lt;init&gt;(UndefinedPageContentException.groovy:20)
	at geb.content.NavigableSupport.getContent(NavigableSupport.groovy:45)
	at geb.content.NavigableSupport.methodMissing(NavigableSupport.groovy:123)
	at AuthenticationSteps$_run_closure21.doCall(AuthenticationSteps.groovy:126)
	at ✽.And The University field is filled with &quot;Federal University of Pernambuco&quot;(Authentication.feature:66)
</error>
  </testcase>
  <testcase classname="grails.plugin.cucumber.CucumberTest" name="" time="2.631" />
  <testcase classname="grails.plugin.cucumber.CucumberTest" name="" time="1.117">
    <error message="the number of constructors during runtime and compile time for java.lang.Exception do not match. Expected 4 but got 5" type="java.lang.IncompatibleClassChangeError">java.lang.IncompatibleClassChangeError: the number of constructors during runtime and compile time for java.lang.Exception do not match. Expected 4 but got 5
	at geb.error.GebException.&lt;init&gt;(GebException.groovy:20)
	at geb.error.UndefinedPageContentException.&lt;init&gt;(UndefinedPageContentException.groovy:20)
	at geb.content.NavigableSupport.getContent(NavigableSupport.groovy:45)
	at geb.content.NavigableSupport.methodMissing(NavigableSupport.groovy:123)
	at AuthenticationSteps$_run_closure22.doCall(AuthenticationSteps.groovy:132)
	at ✽.And I mistype my password at the second password field(Authentication.feature:82)
</error>
  </testcase>
  <system-out><![CDATA[Feature: Authentication Process
  As a registered member in the system
  I want to have access to all of its internal features, which are only accessible after a successful login procedure

--Output from --
  #Issue#73 - Informar erro ao submeter username inexistente, na tela de Login
  Scenario:                                              # Authentication.feature:7
    Given I am at the Login Page                         # AuthenticationSteps.groovy:45
    When I try to login with an user that does not exist # AuthenticationSteps.groovy:72
    Then I am redirected to the Login Page               # AuthenticationSteps.groovy:32
    And A login failure message is displayed             # AuthenticationSteps.groovy:78

--Output from --
  #Issue#66 - Informar erro ao submeter usuário com senha inválida, na tela de Login
  Scenario:                                                               # Authentication.feature:15
    Given I am at the Login Page                                          # AuthenticationSteps.groovy:45
ENTROU no signIn
Enabled == true    When I try to login with an existent user, though with wrong password # AuthenticationSteps.groovy:75
    Then I am redirected to the Login Page                                # AuthenticationSteps.groovy:32
    And A login failure message is displayed                              # AuthenticationSteps.groovy:78

--Output from --
  #Issue#63 - Informar quando um usuário é cadastrado com sucesso
  Scenario:                                                                     # Authentication.feature:23
ENTROU no registerparams NULL    Given I am at the User Register Page                                        # AuthenticationSteps.groovy:49
user: null
validate: null
errors: null
    When I register a user with success                                         # AuthenticationSteps.groovy:83
      java.lang.IncompatibleClassChangeError: the number of constructors during runtime and compile time for java.lang.Exception do not match. Expected 4 but got 5
      	at groovy.lang.MetaClassImpl.selectConstructorAndTransformArguments(MetaClassImpl.java:1381)
      	at org.codehaus.groovy.runtime.ScriptBytecodeAdapter.selectConstructorAndTransformArguments(ScriptBytecodeAdapter.java:234)
      	at geb.error.GebException.<init>(GebException.groovy:20)
      	at geb.error.GebException.<init>(GebException.groovy)
      	at geb.error.UndefinedPageContentException.<init>(UndefinedPageContentException.groovy:20)
      	at sun.reflect.NativeConstructorAccessorImpl.newInstance0(Native Method)
      	at sun.reflect.NativeConstructorAccessorImpl.newInstance(NativeConstructorAccessorImpl.java:57)
      	at sun.reflect.DelegatingConstructorAccessorImpl.newInstance(DelegatingConstructorAccessorImpl.java:45)
      	at java.lang.reflect.Constructor.newInstance(Constructor.java:525)
      	at org.codehaus.groovy.reflection.CachedConstructor.invoke(CachedConstructor.java:77)
      	at org.codehaus.groovy.runtime.callsite.ConstructorSite$ConstructorSiteNoUnwrapNoCoerce.callConstructor(ConstructorSite.java:102)
      	at org.codehaus.groovy.runtime.callsite.CallSiteArray.defaultCallConstructor(CallSiteArray.java:54)
      	at org.codehaus.groovy.runtime.callsite.AbstractCallSite.callConstructor(AbstractCallSite.java:182)
      	at org.codehaus.groovy.runtime.callsite.AbstractCallSite.callConstructor(AbstractCallSite.java:194)
      	at geb.content.NavigableSupport.getContent(NavigableSupport.groovy:45)
      	at geb.content.NavigableSupport.this$2$getContent(NavigableSupport.groovy)
      	at sun.reflect.NativeMethodAccessorImpl.invoke0(Native Method)
      	at sun.reflect.NativeMethodAccessorImpl.invoke(NativeMethodAccessorImpl.java:57)
      	at sun.reflect.DelegatingMethodAccessorImpl.invoke(DelegatingMethodAccessorImpl.java:43)
      	at java.lang.reflect.Method.invoke(Method.java:601)
      	at org.codehaus.groovy.runtime.callsite.PogoMetaMethodSite$PogoCachedMethodSite.invoke(PogoMetaMethodSite.java:226)
      	at org.codehaus.groovy.runtime.callsite.PogoMetaMethodSite.callCurrent(PogoMetaMethodSite.java:52)
      	at org.codehaus.groovy.runtime.callsite.CallSiteArray.defaultCallCurrent(CallSiteArray.java:46)
      	at org.codehaus.groovy.runtime.callsite.PogoMetaMethodSite.callCurrent(PogoMetaMethodSite.java:57)
      	at geb.content.NavigableSupport.methodMissing(NavigableSupport.groovy:123)
      	at geb.content.NavigableSupport$methodMissing.call(Unknown Source)
      	at org.codehaus.groovy.runtime.callsite.CallSiteArray.defaultCall(CallSiteArray.java:42)
      	at org.codehaus.groovy.runtime.callsite.AbstractCallSite.call(AbstractCallSite.java:108)
      	at org.codehaus.groovy.runtime.callsite.AbstractCallSite.call(AbstractCallSite.java:120)
      	at geb.content.SimplePageContent.methodMissing(SimplePageContent.groovy)
      	at sun.reflect.NativeMethodAccessorImpl.invoke0(Native Method)
      	at sun.reflect.NativeMethodAccessorImpl.invoke(NativeMethodAccessorImpl.java:57)
      	at sun.reflect.DelegatingMethodAccessorImpl.invoke(DelegatingMethodAccessorImpl.java:43)
      	at java.lang.reflect.Method.invoke(Method.java:601)
      	at org.codehaus.groovy.reflection.CachedMethod.invoke(CachedMethod.java:90)
      	at groovy.lang.MetaClassImpl.invokeMissingMethod(MetaClassImpl.java:804)
      	at groovy.lang.MetaClassImpl.invokePropertyOrMissing(MetaClassImpl.java:1096)
      	at groovy.lang.MetaClassImpl.invokeMethod(MetaClassImpl.java:1049)
      	at groovy.lang.ExpandoMetaClass.invokeMethod(ExpandoMetaClass.java:1110)
      	at groovy.lang.MetaClassImpl.invokeMethod(MetaClassImpl.java:877)
      	at groovy.lang.DelegatingMetaClass.invokeMethod(DelegatingMetaClass.java:149)
      	at org.codehaus.groovy.runtime.callsite.PogoMetaClassSite.call(PogoMetaClassSite.java:39)
      	at org.codehaus.groovy.runtime.callsite.CallSiteArray.defaultCall(CallSiteArray.java:42)
      	at org.codehaus.groovy.runtime.callsite.AbstractCallSite.call(AbstractCallSite.java:108)
      	at org.codehaus.groovy.runtime.callsite.AbstractCallSite.call(AbstractCallSite.java:116)
      	at pages.UserRegisterPage.createNewUser(UserRegisterPage.groovy:33)
      	at pages.UserRegisterPage$createNewUser.call(Unknown Source)
      	at org.codehaus.groovy.runtime.callsite.CallSiteArray.defaultCall(CallSiteArray.java:42)
      	at org.codehaus.groovy.runtime.callsite.AbstractCallSite.call(AbstractCallSite.java:108)
      	at org.codehaus.groovy.runtime.callsite.AbstractCallSite.call(AbstractCallSite.java:112)
      	at AuthenticationSteps$_run_closure15.doCall(AuthenticationSteps.groovy:84)
      	at ?.When I register a user with success(Authentication.feature:25)

    And I am redirected to the User Register Page                               # AuthenticationSteps.groovy:35
    Then A message indicating the user was successfully registered is displayed # AuthenticationSteps.groovy:86

--Output from --
  #Issue#69 - Informar quando tentar cadastrar novo usuário com e-mail inválido
  Scenario:                                                                        # Authentication.feature:31
    Given I am at the Login Page                                                   # AuthenticationSteps.groovy:45
ENTROU no registerparams NULL    When I try to create a "newuser" username with the "invalid email abcde" email # AuthenticationSteps.groovy:106
      java.lang.IncompatibleClassChangeError: the number of constructors during runtime and compile time for java.lang.Exception do not match. Expected 4 but got 5
      	at groovy.lang.MetaClassImpl.selectConstructorAndTransformArguments(MetaClassImpl.java:1381)
      	at org.codehaus.groovy.runtime.ScriptBytecodeAdapter.selectConstructorAndTransformArguments(ScriptBytecodeAdapter.java:234)
      	at geb.error.GebException.<init>(GebException.groovy:20)
      	at geb.error.GebException.<init>(GebException.groovy)
      	at geb.error.UndefinedPageContentException.<init>(UndefinedPageContentException.groovy:20)
      	at sun.reflect.NativeConstructorAccessorImpl.newInstance0(Native Method)
      	at sun.reflect.NativeConstructorAccessorImpl.newInstance(NativeConstructorAccessorImpl.java:57)
      	at sun.reflect.DelegatingConstructorAccessorImpl.newInstance(DelegatingConstructorAccessorImpl.java:45)
      	at java.lang.reflect.Constructor.newInstance(Constructor.java:525)
      	at org.codehaus.groovy.reflection.CachedConstructor.invoke(CachedConstructor.java:77)
      	at org.codehaus.groovy.runtime.callsite.ConstructorSite$ConstructorSiteNoUnwrapNoCoerce.callConstructor(ConstructorSite.java:102)
      	at org.codehaus.groovy.runtime.callsite.AbstractCallSite.callConstructor(AbstractCallSite.java:194)
      	at geb.content.NavigableSupport.getContent(NavigableSupport.groovy:45)
      	at geb.content.NavigableSupport.this$2$getContent(NavigableSupport.groovy)
      	at sun.reflect.GeneratedMethodAccessor744.invoke(Unknown Source)
      	at sun.reflect.DelegatingMethodAccessorImpl.invoke(DelegatingMethodAccessorImpl.java:43)
      	at java.lang.reflect.Method.invoke(Method.java:601)
      	at org.codehaus.groovy.runtime.callsite.PogoMetaMethodSite$PogoCachedMethodSite.invoke(PogoMetaMethodSite.java:226)
      	at org.codehaus.groovy.runtime.callsite.PogoMetaMethodSite.callCurrent(PogoMetaMethodSite.java:52)
      	at geb.content.NavigableSupport.methodMissing(NavigableSupport.groovy:123)
      	at geb.content.NavigableSupport$methodMissing.call(Unknown Source)
      	at geb.content.SimplePageContent.methodMissing(SimplePageContent.groovy)
      	at sun.reflect.NativeMethodAccessorImpl.invoke0(Native Method)
      	at sun.reflect.NativeMethodAccessorImpl.invoke(NativeMethodAccessorImpl.java:57)
      	at sun.reflect.DelegatingMethodAccessorImpl.invoke(DelegatingMethodAccessorImpl.java:43)
      	at java.lang.reflect.Method.invoke(Method.java:601)
      	at org.codehaus.groovy.reflection.CachedMethod.invoke(CachedMethod.java:90)
      	at groovy.lang.MetaClassImpl.invokeMissingMethod(MetaClassImpl.java:804)
      	at groovy.lang.MetaClassImpl.invokePropertyOrMissing(MetaClassImpl.java:1096)
      	at groovy.lang.MetaClassImpl.invokeMethod(MetaClassImpl.java:1049)
      	at groovy.lang.ExpandoMetaClass.invokeMethod(ExpandoMetaClass.java:1110)
      	at groovy.lang.MetaClassImpl.invokeMethod(MetaClassImpl.java:877)
      	at groovy.lang.DelegatingMetaClass.invokeMethod(DelegatingMetaClass.java:149)
      	at org.codehaus.groovy.runtime.callsite.PogoMetaClassSite.call(PogoMetaClassSite.java:39)
      	at org.codehaus.groovy.runtime.callsite.CallSiteArray.defaultCall(CallSiteArray.java:42)
      	at org.codehaus.groovy.runtime.callsite.AbstractCallSite.call(AbstractCallSite.java:108)
      	at org.codehaus.groovy.runtime.callsite.AbstractCallSite.call(AbstractCallSite.java:116)
      	at geb.content.NavigableSupport.propertyMissing(NavigableSupport.groovy:143)
      	at geb.content.NavigableSupport$propertyMissing$0.call(Unknown Source)
      	at org.codehaus.groovy.runtime.callsite.CallSiteArray.defaultCall(CallSiteArray.java:42)
      	at org.codehaus.groovy.runtime.callsite.AbstractCallSite.call(AbstractCallSite.java:108)
      	at org.codehaus.groovy.runtime.callsite.AbstractCallSite.call(AbstractCallSite.java:120)
      	at geb.Page.propertyMissing(Page.groovy)
      	at sun.reflect.NativeMethodAccessorImpl.invoke0(Native Method)
      	at sun.reflect.NativeMethodAccessorImpl.invoke(NativeMethodAccessorImpl.java:57)
      	at sun.reflect.DelegatingMethodAccessorImpl.invoke(DelegatingMethodAccessorImpl.java:43)
      	at java.lang.reflect.Method.invoke(Method.java:601)
      	at org.codehaus.groovy.reflection.CachedMethod.invoke(CachedMethod.java:90)
      	at groovy.lang.MetaClassImpl.invokeMissingProperty(MetaClassImpl.java:748)
      	at groovy.lang.MetaClassImpl.setProperty(MetaClassImpl.java:2406)
      	at groovy.lang.ExpandoMetaClass.setProperty(ExpandoMetaClass.java:1170)
      	at groovy.lang.MetaClassImpl.setProperty(MetaClassImpl.java:3312)
      	at geb.Page.setProperty(Page.groovy)
      	at org.codehaus.groovy.runtime.InvokerHelper.setProperty(InvokerHelper.java:179)
      	at org.codehaus.groovy.runtime.ScriptBytecodeAdapter.setProperty(ScriptBytecodeAdapter.java:480)
      	at AuthenticationSteps$_run_closure19.doCall(AuthenticationSteps.groovy:109)
      	at ?.When I try to create a "newuser" username with the "invalid email abcde" email(Authentication.feature:33)

    Then A message indicating the email is invalid is displayed                    # AuthenticationSteps.groovy:118

--Output from --
  #Issue#67 - Durante o login, ao errar o password de um usuário existente, cuja conta ainda não foi liberada pelo
  #administrador, redirecionar à Tela de login e exibir uma mensagem de 'usuário ou senha inválida'
  Scenario:                                                     # Authentication.feature:39
    Given I am at the Login Page                                # AuthenticationSteps.groovy:45
    And The user of "naoHabilitado" username is not yet enabled # AuthenticationSteps.groovy:91
ENTROU no signIn
Enabled == false    When I miss the password for "naoHabilitado" username       # AuthenticationSteps.groovy:101
    Then I am redirected to the Login Page                      # AuthenticationSteps.groovy:32
    And A login failure message is displayed                    # AuthenticationSteps.groovy:78

--Output from --
  #Issue#86 - Duas telas diferentes de login existentes durante a navegação: uma 'oficial', acessada pelo caminho auth/login, e outra
  #encontrada no caminho raiz '/' da aplicação
  Scenario:                                     # Authentication.feature:50
    Given I am not logged                       # AuthenticationSteps.groovy:161
    When I directly access the Member List Page # AuthenticationSteps.groovy:41
    Then I am redirected to the Login Page      # AuthenticationSteps.groovy:32

--Output from --
  Scenario:                                # Authentication.feature:55
    Given I am not logged                  # AuthenticationSteps.groovy:161
    When I access the Root Page            # AuthenticationSteps.groovy:38
    Then I am redirected to the Login Page # AuthenticationSteps.groovy:32

--Output from --
  #Issue#9 - Preencher com valores default campos de formulários quando relevante
  Scenario:                                                                    # Authentication.feature:62
    Given I am at the Login Page                                               # AuthenticationSteps.groovy:45
ENTROU no registerparams NULL    When I click the "Create an account" link                                  # AuthenticationSteps.groovy:62
    Then I am redirected to the User Register Page                             # AuthenticationSteps.groovy:35
    And The University field is filled with "Federal University of Pernambuco" # AuthenticationSteps.groovy:125
      java.lang.IncompatibleClassChangeError: the number of constructors during runtime and compile time for java.lang.Exception do not match. Expected 4 but got 5
      	at groovy.lang.MetaClassImpl.selectConstructorAndTransformArguments(MetaClassImpl.java:1381)
      	at org.codehaus.groovy.runtime.ScriptBytecodeAdapter.selectConstructorAndTransformArguments(ScriptBytecodeAdapter.java:234)
      	at geb.error.GebException.<init>(GebException.groovy:20)
      	at geb.error.GebException.<init>(GebException.groovy)
      	at geb.error.UndefinedPageContentException.<init>(UndefinedPageContentException.groovy:20)
      	at sun.reflect.NativeConstructorAccessorImpl.newInstance0(Native Method)
      	at sun.reflect.NativeConstructorAccessorImpl.newInstance(NativeConstructorAccessorImpl.java:57)
      	at sun.reflect.DelegatingConstructorAccessorImpl.newInstance(DelegatingConstructorAccessorImpl.java:45)
      	at java.lang.reflect.Constructor.newInstance(Constructor.java:525)
      	at org.codehaus.groovy.reflection.CachedConstructor.invoke(CachedConstructor.java:77)
      	at org.codehaus.groovy.runtime.callsite.ConstructorSite$ConstructorSiteNoUnwrapNoCoerce.callConstructor(ConstructorSite.java:102)
      	at org.codehaus.groovy.runtime.callsite.AbstractCallSite.callConstructor(AbstractCallSite.java:194)
      	at geb.content.NavigableSupport.getContent(NavigableSupport.groovy:45)
      	at geb.content.NavigableSupport.this$2$getContent(NavigableSupport.groovy)
      	at sun.reflect.GeneratedMethodAccessor744.invoke(Unknown Source)
      	at sun.reflect.DelegatingMethodAccessorImpl.invoke(DelegatingMethodAccessorImpl.java:43)
      	at java.lang.reflect.Method.invoke(Method.java:601)
      	at org.codehaus.groovy.runtime.callsite.PogoMetaMethodSite$PogoCachedMethodSite.invoke(PogoMetaMethodSite.java:226)
      	at org.codehaus.groovy.runtime.callsite.PogoMetaMethodSite.callCurrent(PogoMetaMethodSite.java:52)
      	at org.codehaus.groovy.runtime.callsite.CallSiteArray.defaultCallCurrent(CallSiteArray.java:46)
      	at org.codehaus.groovy.runtime.callsite.PogoMetaMethodSite.callCurrent(PogoMetaMethodSite.java:57)
      	at geb.content.NavigableSupport.methodMissing(NavigableSupport.groovy:123)
      	at geb.content.NavigableSupport$methodMissing.call(Unknown Source)
      	at geb.content.SimplePageContent.methodMissing(SimplePageContent.groovy)
      	at sun.reflect.NativeMethodAccessorImpl.invoke0(Native Method)
      	at sun.reflect.NativeMethodAccessorImpl.invoke(NativeMethodAccessorImpl.java:57)
      	at sun.reflect.DelegatingMethodAccessorImpl.invoke(DelegatingMethodAccessorImpl.java:43)
      	at java.lang.reflect.Method.invoke(Method.java:601)
      	at org.codehaus.groovy.reflection.CachedMethod.invoke(CachedMethod.java:90)
      	at groovy.lang.MetaClassImpl.invokeMissingMethod(MetaClassImpl.java:804)
      	at groovy.lang.MetaClassImpl.invokePropertyOrMissing(MetaClassImpl.java:1096)
      	at groovy.lang.MetaClassImpl.invokeMethod(MetaClassImpl.java:1049)
      	at groovy.lang.ExpandoMetaClass.invokeMethod(ExpandoMetaClass.java:1110)
      	at groovy.lang.MetaClassImpl.invokeMethod(MetaClassImpl.java:877)
      	at groovy.lang.DelegatingMetaClass.invokeMethod(DelegatingMetaClass.java:149)
      	at org.codehaus.groovy.runtime.callsite.PogoMetaClassSite.call(PogoMetaClassSite.java:39)
      	at org.codehaus.groovy.runtime.callsite.CallSiteArray.defaultCall(CallSiteArray.java:42)
      	at org.codehaus.groovy.runtime.callsite.AbstractCallSite.call(AbstractCallSite.java:108)
      	at org.codehaus.groovy.runtime.callsite.AbstractCallSite.call(AbstractCallSite.java:112)
      	at AuthenticationSteps$_run_closure21.doCall(AuthenticationSteps.groovy:126)
      	at ?.And The University field is filled with "Federal University of Pernambuco"(Authentication.feature:66)


--Output from --
  #Issue#76 - Usuário é direcionado para tela de login repetidas vezes
  Scenario:                                            # Authentication.feature:70
ENTROU no signIn
Enabled == trueENTROU NO TRYJefferson Almeida    Given I am at the Member Listagem page             # AuthenticationSteps.groovy:53
    When I select the "Principal" menu option          # AuthenticationSteps.groovy:65
    Then I am redirected to the Publications Menu page # AuthenticationSteps.groovy:29

--Output from --
  #Issue#65 - Ao tentar realizar cadastro de usuário com dado inválido o form de cadastro deve ser retornado com os
  #dados previamente preenchidos
  Scenario:                                                           # Authentication.feature:78
    Given I am at the Login Page                                      # AuthenticationSteps.groovy:45
ENTROU no registerparams NULL    When I click the "Create an account" link                         # AuthenticationSteps.groovy:62
    And I am redirected to the User Register Page                     # AuthenticationSteps.groovy:35
    And I mistype my password at the second password field            # AuthenticationSteps.groovy:130
      java.lang.IncompatibleClassChangeError: the number of constructors during runtime and compile time for java.lang.Exception do not match. Expected 4 but got 5
      	at groovy.lang.MetaClassImpl.selectConstructorAndTransformArguments(MetaClassImpl.java:1381)
      	at org.codehaus.groovy.runtime.ScriptBytecodeAdapter.selectConstructorAndTransformArguments(ScriptBytecodeAdapter.java:234)
      	at geb.error.GebException.<init>(GebException.groovy:20)
      	at geb.error.GebException.<init>(GebException.groovy)
      	at geb.error.UndefinedPageContentException.<init>(UndefinedPageContentException.groovy:20)
      	at sun.reflect.NativeConstructorAccessorImpl.newInstance0(Native Method)
      	at sun.reflect.NativeConstructorAccessorImpl.newInstance(NativeConstructorAccessorImpl.java:57)
      	at sun.reflect.DelegatingConstructorAccessorImpl.newInstance(DelegatingConstructorAccessorImpl.java:45)
      	at java.lang.reflect.Constructor.newInstance(Constructor.java:525)
      	at org.codehaus.groovy.reflection.CachedConstructor.invoke(CachedConstructor.java:77)
      	at org.codehaus.groovy.runtime.callsite.ConstructorSite$ConstructorSiteNoUnwrapNoCoerce.callConstructor(ConstructorSite.java:102)
      	at org.codehaus.groovy.runtime.callsite.AbstractCallSite.callConstructor(AbstractCallSite.java:194)
      	at geb.content.NavigableSupport.getContent(NavigableSupport.groovy:45)
      	at geb.content.NavigableSupport.this$2$getContent(NavigableSupport.groovy)
      	at sun.reflect.GeneratedMethodAccessor744.invoke(Unknown Source)
      	at sun.reflect.DelegatingMethodAccessorImpl.invoke(DelegatingMethodAccessorImpl.java:43)
      	at java.lang.reflect.Method.invoke(Method.java:601)
      	at org.codehaus.groovy.runtime.callsite.PogoMetaMethodSite$PogoCachedMethodSite.invoke(PogoMetaMethodSite.java:226)
      	at org.codehaus.groovy.runtime.callsite.PogoMetaMethodSite.callCurrent(PogoMetaMethodSite.java:52)
      	at org.codehaus.groovy.runtime.callsite.CallSiteArray.defaultCallCurrent(CallSiteArray.java:46)
      	at org.codehaus.groovy.runtime.callsite.PogoMetaMethodSite.callCurrent(PogoMetaMethodSite.java:57)
      	at geb.content.NavigableSupport.methodMissing(NavigableSupport.groovy:123)
      	at geb.content.NavigableSupport$methodMissing.call(Unknown Source)
      	at geb.content.SimplePageContent.methodMissing(SimplePageContent.groovy)
      	at sun.reflect.NativeMethodAccessorImpl.invoke0(Native Method)
      	at sun.reflect.NativeMethodAccessorImpl.invoke(NativeMethodAccessorImpl.java:57)
      	at sun.reflect.DelegatingMethodAccessorImpl.invoke(DelegatingMethodAccessorImpl.java:43)
      	at java.lang.reflect.Method.invoke(Method.java:601)
      	at org.codehaus.groovy.reflection.CachedMethod.invoke(CachedMethod.java:90)
      	at groovy.lang.MetaClassImpl.invokeMissingMethod(MetaClassImpl.java:804)
      	at groovy.lang.MetaClassImpl.invokePropertyOrMissing(MetaClassImpl.java:1096)
      	at groovy.lang.MetaClassImpl.invokeMethod(MetaClassImpl.java:1049)
      	at groovy.lang.ExpandoMetaClass.invokeMethod(ExpandoMetaClass.java:1110)
      	at groovy.lang.MetaClassImpl.invokeMethod(MetaClassImpl.java:877)
      	at groovy.lang.DelegatingMetaClass.invokeMethod(DelegatingMetaClass.java:149)
      	at org.codehaus.groovy.runtime.callsite.PogoMetaClassSite.call(PogoMetaClassSite.java:39)
      	at org.codehaus.groovy.runtime.callsite.CallSiteArray.defaultCall(CallSiteArray.java:42)
      	at org.codehaus.groovy.runtime.callsite.AbstractCallSite.call(AbstractCallSite.java:108)
      	at org.codehaus.groovy.runtime.callsite.AbstractCallSite.call(AbstractCallSite.java:116)
      	at AuthenticationSteps$_run_closure22.doCall(AuthenticationSteps.groovy:132)
      	at ?.And I mistype my password at the second password field(Authentication.feature:82)

    And I fill my remaining user data                                 # AuthenticationSteps.groovy:135
    And I submit the form                                             # AuthenticationSteps.groovy:68
    Then I am redirected to the User Register Page                    # AuthenticationSteps.groovy:35
    And The password fields are empty                                 # AuthenticationSteps.groovy:143
    And My remaining user data is still at their corresponding fields # AuthenticationSteps.groovy:149
]]></system-out>
  <system-err><![CDATA[
--Output from --
--Output from --
--Output from --
--Output from --
--Output from --
--Output from --
--Output from --
--Output from --
--Output from --
--Output from --]]></system-err>
</testsuite>
