<?xml version="1.0" encoding="UTF-8" ?>
<testsuite errors="0" failures="4" hostname="Paola2-PC" name="Dissertation Tests" tests="6" time="8.54" timestamp="2013-03-16T14:46:04">
  <properties />
  <testcase classname="grails.plugin.cucumber.CucumberTest" name="new dissertation duplicated" time="0.047">
    <failure message="assert article != null&#xa;       |       |&#xa;       null    false" type="grails.plugin.cucumber.FakeAssertionFailedError">Assertion failed: 

assert article != null
       |       |
       null    false

	at DissertacaoSteps$_run_closure10.doCall(DissertacaoSteps.groovy:59)
	at ✽.Given the system has a dissertation entitled &quot;Nova Dissertacao&quot;(Dissertacao.feature:8)
</failure>
  </testcase>
  <testcase classname="grails.plugin.cucumber.CucumberTest" name="new dissertation without school" time="0.059" />
  <testcase classname="grails.plugin.cucumber.CucumberTest" name="new dissertation" time="0.057">
    <failure message="assert dissertation != null&#xa;       |            |&#xa;       null         false" type="grails.plugin.cucumber.FakeAssertionFailedError">Assertion failed: 

assert dissertation != null
       |            |
       null         false

	at DissertacaoSteps$_run_closure12.doCall(DissertacaoSteps.groovy:69)
	at ✽.Then the dissertation &quot;Dissertacao Teste2&quot; is properly stored by the system(Dissertacao.feature:20)
</failure>
  </testcase>
  <testcase classname="grails.plugin.cucumber.CucumberTest" name="new dissertation without file" time="4.568" />
  <testcase classname="grails.plugin.cucumber.CucumberTest" name="edit dissertation" time="1.922">
    <failure message="title ==~ /Ver Dissertação/&#xa;|     |&#xa;|     false&#xa;Dissertação Listagem" type="grails.plugin.cucumber.FakeAssertionFailedError">Assertion failed: 

title ==~ /Ver Dissertação/
|     |
|     false
Dissertação Listagem

	at pages.DissertationShowPage$__clinit__closure2.doCall(DissertationShowPage.groovy:13)
	at geb.Page.verifyAt(Page.groovy:132)
	at geb.Browser.doAt(Browser.groovy:335)
	at geb.Browser.at(Browser.groovy:259)
	at geb.binding.BindingUpdater$InvocationForwarding.doCall(BindingUpdater.groovy:72)
	at DissertacaoSteps$_run_closure5.doCall(DissertacaoSteps.groovy:34)
	at ✽.And I click on edit(Dissertacao.feature:33)
</failure>
  </testcase>
  <testcase classname="grails.plugin.cucumber.CucumberTest" name="delete dissertation" time="1.829">
    <failure message="title ==~ /Ver Dissertação/&#xa;|     |&#xa;|     false&#xa;Dissertação Listagem" type="grails.plugin.cucumber.FakeAssertionFailedError">Assertion failed: 

title ==~ /Ver Dissertação/
|     |
|     false
Dissertação Listagem

	at pages.DissertationShowPage$__clinit__closure2.doCall(DissertationShowPage.groovy:13)
	at geb.Page.verifyAt(Page.groovy:132)
	at geb.Browser.doAt(Browser.groovy:335)
	at geb.Browser.at(Browser.groovy:259)
	at geb.binding.BindingUpdater$InvocationForwarding.doCall(BindingUpdater.groovy:72)
	at DissertacaoSteps$_run_closure6.doCall(DissertacaoSteps.groovy:39)
	at ✽.And I delete it(Dissertacao.feature:41)
</failure>
  </testcase>
  <system-out><![CDATA[@i9n
Feature: Dissertation Tests
  As a member of a research group
  I want to add, remove and modify dissertations I have added

--Output from new dissertation duplicated--
  Scenario: new dissertation duplicated                                                                        # Dissertacao.feature:7
    Given the system has a dissertation entitled "Nova Dissertacao"                                            # DissertacaoSteps.groovy:57
      Assertion failed: 
      
      assert article != null
             |       |
             null    false
      
      	at org.codehaus.groovy.runtime.InvokerHelper.assertFailed(InvokerHelper.java:386)
      	at org.codehaus.groovy.runtime.ScriptBytecodeAdapter.assertFailed(ScriptBytecodeAdapter.java:658)
      	at DissertacaoSteps$_run_closure10.doCall(DissertacaoSteps.groovy:59)
      	at ?.Given the system has a dissertation entitled "Nova Dissertacao"(Dissertacao.feature:8)

    When I create the dissertation "Nova Dissertacao" with file name "teste6Dissertacao.pdf" and school "UFPE" # DissertacaoSteps.groovy:62
    Then the dissertation "Nova Dissertacao" is not stored twice                                               # DissertacaoSteps.groovy:72

--Output from new dissertation without school--
  Scenario: new dissertation without school                                                                   # Dissertacao.feature:12
    Given the system has no dissertation entitled "Dissertacao Teste3"                                        # DissertacaoSteps.groovy:52
    When I create the dissertation "Dissertacao Teste3" with file name "teste3Dissertacao.pdf" without school # DissertacaoSteps.groovy:78
    Then the system has no dissertation entitled "Dissertacao Teste3"                                         # DissertacaoSteps.groovy:52

--Output from new dissertation--
  Scenario: new dissertation                                                                          # Dissertacao.feature:17
    Given the system has no dissertation entitled "Dissertacao Teste2"                                # DissertacaoSteps.groovy:52
    When I create the dissertation "Dissertacao Teste2" with file name "teste2.pdf" and school "UFPE" # DissertacaoSteps.groovy:62
    Then the dissertation "Dissertacao Teste2" is properly stored by the system                       # DissertacaoSteps.groovy:67
      Assertion failed: 
      
      assert dissertation != null
             |            |
             null         false
      
      	at org.codehaus.groovy.runtime.InvokerHelper.assertFailed(InvokerHelper.java:386)
      	at org.codehaus.groovy.runtime.ScriptBytecodeAdapter.assertFailed(ScriptBytecodeAdapter.java:658)
      	at DissertacaoSteps$_run_closure12.doCall(DissertacaoSteps.groovy:69)
      	at ?.Then the dissertation "Dissertacao Teste2" is properly stored by the system(Dissertacao.feature:20)


--Output from new dissertation without file--
  Scenario: new dissertation without file                              # Dissertacao.feature:22
ENTROU no signIn
Enabled == trueENTROU NO TRYJefferson Almeida    Given I am at the publications menu                                # CommonSteps.groovy:6
    When I select the "Dissertacao" option at the program menu         # DissertacaoSteps.groovy:12
    And I select the new dissertation option at the dissertation page  # DissertacaoSteps.groovy:16
    And I cant add the dissertation without a file                     # DissertacaoSteps.groovy:21
    Then the system has no dissertation entitled "Dissertacao Teste 1" # DissertacaoSteps.groovy:52

--Output from edit dissertation--
  Scenario: edit dissertation                                  # Dissertacao.feature:29
ENTROU no signIn
Enabled == trueENTROU NO TRYJefferson Almeida    Given I am at the publications menu                        # CommonSteps.groovy:6
    When I select the "Dissertacao" option at the program menu # DissertacaoSteps.groovy:12
    And I select "Nova Dissertacao" at the dissertation page   # DissertacaoSteps.groovy:28
    And I click on edit                                        # DissertacaoSteps.groovy:33
      Assertion failed: 
      
      title ==~ /Ver Dissertação/
      |     |
      |     false
      Dissertação Listagem
      
      	at org.codehaus.groovy.runtime.InvokerHelper.assertFailed(InvokerHelper.java:386)
      	at org.codehaus.groovy.runtime.ScriptBytecodeAdapter.assertFailed(ScriptBytecodeAdapter.java:658)
      	at pages.DissertationShowPage$__clinit__closure2.doCall(DissertationShowPage.groovy:13)
      	at sun.reflect.NativeMethodAccessorImpl.invoke0(Native Method)
      	at sun.reflect.NativeMethodAccessorImpl.invoke(NativeMethodAccessorImpl.java:57)
      	at sun.reflect.DelegatingMethodAccessorImpl.invoke(DelegatingMethodAccessorImpl.java:43)
      	at java.lang.reflect.Method.invoke(Method.java:601)
      	at org.codehaus.groovy.runtime.callsite.PogoMetaMethodSite$PogoCachedMethodSite.invoke(PogoMetaMethodSite.java:226)
      	at org.codehaus.groovy.runtime.callsite.PogoMetaMethodSite.callCurrent(PogoMetaMethodSite.java:52)
      	at org.codehaus.groovy.runtime.callsite.CallSiteArray.defaultCallCurrent(CallSiteArray.java:46)
      	at org.codehaus.groovy.runtime.callsite.AbstractCallSite.callCurrent(AbstractCallSite.java:133)
      	at org.codehaus.groovy.runtime.callsite.AbstractCallSite.callCurrent(AbstractCallSite.java:141)
      	at pages.DissertationShowPage$__clinit__closure2.doCall(DissertationShowPage.groovy)
      	at sun.reflect.NativeMethodAccessorImpl.invoke0(Native Method)
      	at sun.reflect.NativeMethodAccessorImpl.invoke(NativeMethodAccessorImpl.java:57)
      	at sun.reflect.DelegatingMethodAccessorImpl.invoke(DelegatingMethodAccessorImpl.java:43)
      	at java.lang.reflect.Method.invoke(Method.java:601)
      	at org.codehaus.groovy.reflection.CachedMethod.invoke(CachedMethod.java:90)
      	at groovy.lang.MetaMethod.doMethodInvoke(MetaMethod.java:233)
      	at groovy.lang.MetaClassImpl.invokeMethod(MetaClassImpl.java:1047)
      	at groovy.lang.ExpandoMetaClass.invokeMethod(ExpandoMetaClass.java:1110)
      	at groovy.lang.MetaClassImpl.invokeMethod(MetaClassImpl.java:877)
      	at groovy.lang.Closure.call(Closure.java:412)
      	at groovy.lang.Closure.call(Closure.java:406)
      	at java_util_concurrent_Callable$call.call(Unknown Source)
      	at org.codehaus.groovy.runtime.callsite.CallSiteArray.defaultCall(CallSiteArray.java:42)
      	at java_util_concurrent_Callable$call.call(Unknown Source)
      	at geb.Page.verifyAt(Page.groovy:132)
      	at geb.Page$verifyAt.call(Unknown Source)
      	at org.codehaus.groovy.runtime.callsite.CallSiteArray.defaultCall(CallSiteArray.java:42)
      	at geb.Page$verifyAt.call(Unknown Source)
      	at geb.Browser.doAt(Browser.groovy:335)
      	at geb.Browser.this$2$doAt(Browser.groovy)
      	at geb.Browser$this$2$doAt.callCurrent(Unknown Source)
      	at org.codehaus.groovy.runtime.callsite.CallSiteArray.defaultCallCurrent(CallSiteArray.java:46)
      	at geb.Browser$this$2$doAt.callCurrent(Unknown Source)
      	at geb.Browser.at(Browser.groovy:259)
      	at sun.reflect.GeneratedMethodAccessor733.invoke(Unknown Source)
      	at sun.reflect.DelegatingMethodAccessorImpl.invoke(DelegatingMethodAccessorImpl.java:43)
      	at java.lang.reflect.Method.invoke(Method.java:601)
      	at org.codehaus.groovy.reflection.CachedMethod.invoke(CachedMethod.java:90)
      	at groovy.lang.MetaMethod.doMethodInvoke(MetaMethod.java:233)
      	at groovy.lang.MetaClassImpl.invokeMethod(MetaClassImpl.java:1047)
      	at groovy.lang.ExpandoMetaClass.invokeMethod(ExpandoMetaClass.java:1110)
      	at groovy.lang.MetaClassImpl.invokeMethod(MetaClassImpl.java:877)
      	at org.codehaus.groovy.runtime.InvokerHelper.invokePogoMethod(InvokerHelper.java:793)
      	at org.codehaus.groovy.runtime.InvokerHelper.invokeMethod(InvokerHelper.java:776)
      	at org.codehaus.groovy.runtime.ScriptBytecodeAdapter.invokeMethodN(ScriptBytecodeAdapter.java:164)
      	at geb.binding.BindingUpdater$InvocationForwarding.doCall(BindingUpdater.groovy:72)
      	at sun.reflect.GeneratedMethodAccessor654.invoke(Unknown Source)
      	at sun.reflect.DelegatingMethodAccessorImpl.invoke(DelegatingMethodAccessorImpl.java:43)
      	at java.lang.reflect.Method.invoke(Method.java:601)
      	at org.codehaus.groovy.reflection.CachedMethod.invoke(CachedMethod.java:90)
      	at groovy.lang.MetaMethod.doMethodInvoke(MetaMethod.java:233)
      	at groovy.lang.MetaClassImpl.invokeMethod(MetaClassImpl.java:1047)
      	at groovy.lang.ExpandoMetaClass.invokeMethod(ExpandoMetaClass.java:1110)
      	at groovy.lang.MetaClassImpl.invokeMethod(MetaClassImpl.java:877)
      	at groovy.lang.Closure.call(Closure.java:412)
      	at groovy.lang.Closure.call(Closure.java:425)
      	at sun.reflect.GeneratedMethodAccessor73.invoke(Unknown Source)
      	at sun.reflect.DelegatingMethodAccessorImpl.invoke(DelegatingMethodAccessorImpl.java:43)
      	at java.lang.reflect.Method.invoke(Method.java:601)
      	at org.codehaus.groovy.reflection.CachedMethod.invoke(CachedMethod.java:90)
      	at groovy.lang.MetaMethod.doMethodInvoke(MetaMethod.java:233)
      	at groovy.lang.MetaClassImpl.invokeMethod(MetaClassImpl.java:1047)
      	at groovy.lang.ExpandoMetaClass.invokeMethod(ExpandoMetaClass.java:1110)
      	at groovy.lang.MetaClassImpl.invokeMethod(MetaClassImpl.java:877)
      	at groovy.lang.MetaClassImpl.invokePropertyOrMissing(MetaClassImpl.java:1093)
      	at groovy.lang.MetaClassImpl.invokeMethod(MetaClassImpl.java:1049)
      	at groovy.lang.ExpandoMetaClass.invokeMethod(ExpandoMetaClass.java:1110)
      	at groovy.lang.MetaClassImpl.invokeMethod(MetaClassImpl.java:877)
      	at groovy.lang.MetaClassImpl.invokeMethod(MetaClassImpl.java:697)
      	at groovy.lang.GroovyObjectSupport.invokeMethod(GroovyObjectSupport.java:44)
      	at groovy.lang.Script.invokeMethod(Script.java:78)
      	at groovy.lang.MetaClassImpl.invokeMethodOnGroovyObject(MetaClassImpl.java:1112)
      	at groovy.lang.MetaClassImpl.invokeMethod(MetaClassImpl.java:1006)
      	at groovy.lang.ExpandoMetaClass.invokeMethod(ExpandoMetaClass.java:1110)
      	at groovy.lang.MetaClassImpl.invokeMethod(MetaClassImpl.java:877)
      	at org.codehaus.groovy.runtime.callsite.PogoMetaClassSite.callCurrent(PogoMetaClassSite.java:66)
      	at org.codehaus.groovy.runtime.callsite.CallSiteArray.defaultCallCurrent(CallSiteArray.java:46)
      	at org.codehaus.groovy.runtime.callsite.AbstractCallSite.callCurrent(AbstractCallSite.java:133)
      	at org.codehaus.groovy.runtime.callsite.AbstractCallSite.callCurrent(AbstractCallSite.java:141)
      	at DissertacaoSteps$_run_closure5.doCall(DissertacaoSteps.groovy:34)
      	at ?.And I click on edit(Dissertacao.feature:33)

    And I edit the school to "UFPB"                            # DissertacaoSteps.groovy:47
    Then the school name is "UFPB"                             # DissertacaoSteps.groovy:43

--Output from delete dissertation--
  Scenario: delete dissertation                                       # Dissertacao.feature:37
ENTROU no signIn
Enabled == trueENTROU NO TRYJefferson Almeida    Given I am at the publications menu                               # CommonSteps.groovy:6
    When I select the "Dissertacao" option at the program menu        # DissertacaoSteps.groovy:12
    And I select "Dissertacao Teste4" at the dissertation page        # DissertacaoSteps.groovy:28
    And I delete it                                                   # DissertacaoSteps.groovy:38
      Assertion failed: 
      
      title ==~ /Ver Dissertação/
      |     |
      |     false
      Dissertação Listagem
      
      	at org.codehaus.groovy.runtime.InvokerHelper.assertFailed(InvokerHelper.java:386)
      	at org.codehaus.groovy.runtime.ScriptBytecodeAdapter.assertFailed(ScriptBytecodeAdapter.java:658)
      	at pages.DissertationShowPage$__clinit__closure2.doCall(DissertationShowPage.groovy:13)
      	at sun.reflect.NativeMethodAccessorImpl.invoke0(Native Method)
      	at sun.reflect.NativeMethodAccessorImpl.invoke(NativeMethodAccessorImpl.java:57)
      	at sun.reflect.DelegatingMethodAccessorImpl.invoke(DelegatingMethodAccessorImpl.java:43)
      	at java.lang.reflect.Method.invoke(Method.java:601)
      	at org.codehaus.groovy.runtime.callsite.PogoMetaMethodSite$PogoCachedMethodSite.invoke(PogoMetaMethodSite.java:226)
      	at org.codehaus.groovy.runtime.callsite.PogoMetaMethodSite.callCurrent(PogoMetaMethodSite.java:52)
      	at org.codehaus.groovy.runtime.callsite.AbstractCallSite.callCurrent(AbstractCallSite.java:141)
      	at pages.DissertationShowPage$__clinit__closure2.doCall(DissertationShowPage.groovy)
      	at sun.reflect.NativeMethodAccessorImpl.invoke0(Native Method)
      	at sun.reflect.NativeMethodAccessorImpl.invoke(NativeMethodAccessorImpl.java:57)
      	at sun.reflect.DelegatingMethodAccessorImpl.invoke(DelegatingMethodAccessorImpl.java:43)
      	at java.lang.reflect.Method.invoke(Method.java:601)
      	at org.codehaus.groovy.reflection.CachedMethod.invoke(CachedMethod.java:90)
      	at groovy.lang.MetaMethod.doMethodInvoke(MetaMethod.java:233)
      	at groovy.lang.MetaClassImpl.invokeMethod(MetaClassImpl.java:1047)
      	at groovy.lang.ExpandoMetaClass.invokeMethod(ExpandoMetaClass.java:1110)
      	at groovy.lang.MetaClassImpl.invokeMethod(MetaClassImpl.java:877)
      	at groovy.lang.Closure.call(Closure.java:412)
      	at groovy.lang.Closure.call(Closure.java:406)
      	at java_util_concurrent_Callable$call.call(Unknown Source)
      	at org.codehaus.groovy.runtime.callsite.CallSiteArray.defaultCall(CallSiteArray.java:42)
      	at java_util_concurrent_Callable$call.call(Unknown Source)
      	at geb.Page.verifyAt(Page.groovy:132)
      	at geb.Page$verifyAt.call(Unknown Source)
      	at org.codehaus.groovy.runtime.callsite.CallSiteArray.defaultCall(CallSiteArray.java:42)
      	at geb.Page$verifyAt.call(Unknown Source)
      	at geb.Browser.doAt(Browser.groovy:335)
      	at geb.Browser.this$2$doAt(Browser.groovy)
      	at geb.Browser$this$2$doAt.callCurrent(Unknown Source)
      	at org.codehaus.groovy.runtime.callsite.CallSiteArray.defaultCallCurrent(CallSiteArray.java:46)
      	at geb.Browser$this$2$doAt.callCurrent(Unknown Source)
      	at geb.Browser.at(Browser.groovy:259)
      	at sun.reflect.GeneratedMethodAccessor733.invoke(Unknown Source)
      	at sun.reflect.DelegatingMethodAccessorImpl.invoke(DelegatingMethodAccessorImpl.java:43)
      	at java.lang.reflect.Method.invoke(Method.java:601)
      	at org.codehaus.groovy.reflection.CachedMethod.invoke(CachedMethod.java:90)
      	at groovy.lang.MetaMethod.doMethodInvoke(MetaMethod.java:233)
      	at groovy.lang.MetaClassImpl.invokeMethod(MetaClassImpl.java:1047)
      	at groovy.lang.ExpandoMetaClass.invokeMethod(ExpandoMetaClass.java:1110)
      	at groovy.lang.MetaClassImpl.invokeMethod(MetaClassImpl.java:877)
      	at org.codehaus.groovy.runtime.InvokerHelper.invokePogoMethod(InvokerHelper.java:793)
      	at org.codehaus.groovy.runtime.InvokerHelper.invokeMethod(InvokerHelper.java:776)
      	at org.codehaus.groovy.runtime.ScriptBytecodeAdapter.invokeMethodN(ScriptBytecodeAdapter.java:164)
      	at geb.binding.BindingUpdater$InvocationForwarding.doCall(BindingUpdater.groovy:72)
      	at sun.reflect.GeneratedMethodAccessor654.invoke(Unknown Source)
      	at sun.reflect.DelegatingMethodAccessorImpl.invoke(DelegatingMethodAccessorImpl.java:43)
      	at java.lang.reflect.Method.invoke(Method.java:601)
      	at org.codehaus.groovy.reflection.CachedMethod.invoke(CachedMethod.java:90)
      	at groovy.lang.MetaMethod.doMethodInvoke(MetaMethod.java:233)
      	at groovy.lang.MetaClassImpl.invokeMethod(MetaClassImpl.java:1047)
      	at groovy.lang.ExpandoMetaClass.invokeMethod(ExpandoMetaClass.java:1110)
      	at groovy.lang.MetaClassImpl.invokeMethod(MetaClassImpl.java:877)
      	at groovy.lang.Closure.call(Closure.java:412)
      	at groovy.lang.Closure.call(Closure.java:425)
      	at sun.reflect.GeneratedMethodAccessor73.invoke(Unknown Source)
      	at sun.reflect.DelegatingMethodAccessorImpl.invoke(DelegatingMethodAccessorImpl.java:43)
      	at java.lang.reflect.Method.invoke(Method.java:601)
      	at org.codehaus.groovy.reflection.CachedMethod.invoke(CachedMethod.java:90)
      	at groovy.lang.MetaMethod.doMethodInvoke(MetaMethod.java:233)
      	at groovy.lang.MetaClassImpl.invokeMethod(MetaClassImpl.java:1047)
      	at groovy.lang.ExpandoMetaClass.invokeMethod(ExpandoMetaClass.java:1110)
      	at groovy.lang.MetaClassImpl.invokeMethod(MetaClassImpl.java:877)
      	at groovy.lang.MetaClassImpl.invokePropertyOrMissing(MetaClassImpl.java:1093)
      	at groovy.lang.MetaClassImpl.invokeMethod(MetaClassImpl.java:1049)
      	at groovy.lang.ExpandoMetaClass.invokeMethod(ExpandoMetaClass.java:1110)
      	at groovy.lang.MetaClassImpl.invokeMethod(MetaClassImpl.java:877)
      	at groovy.lang.MetaClassImpl.invokeMethod(MetaClassImpl.java:697)
      	at groovy.lang.GroovyObjectSupport.invokeMethod(GroovyObjectSupport.java:44)
      	at groovy.lang.Script.invokeMethod(Script.java:78)
      	at groovy.lang.MetaClassImpl.invokeMethodOnGroovyObject(MetaClassImpl.java:1112)
      	at groovy.lang.MetaClassImpl.invokeMethod(MetaClassImpl.java:1006)
      	at groovy.lang.ExpandoMetaClass.invokeMethod(ExpandoMetaClass.java:1110)
      	at groovy.lang.MetaClassImpl.invokeMethod(MetaClassImpl.java:877)
      	at org.codehaus.groovy.runtime.callsite.PogoMetaClassSite.callCurrent(PogoMetaClassSite.java:66)
      	at org.codehaus.groovy.runtime.callsite.CallSiteArray.defaultCallCurrent(CallSiteArray.java:46)
      	at org.codehaus.groovy.runtime.callsite.AbstractCallSite.callCurrent(AbstractCallSite.java:133)
      	at org.codehaus.groovy.runtime.callsite.AbstractCallSite.callCurrent(AbstractCallSite.java:141)
      	at DissertacaoSteps$_run_closure6.doCall(DissertacaoSteps.groovy:39)
      	at ?.And I delete it(Dissertacao.feature:41)

    Then the system has no dissertation entitled "Dissertacao Teste4" # DissertacaoSteps.groovy:52
]]></system-out>
  <system-err><![CDATA[
--Output from new dissertation duplicated--
--Output from new dissertation without school--
--Output from new dissertation--
--Output from new dissertation without file--
--Output from edit dissertation--
--Output from delete dissertation--]]></system-err>
</testsuite>
