<?xml version="1.0" encoding="UTF-8" ?>
<testsuite errors="3" failures="0" hostname="Paola2-PC" name="BookChapter" tests="5" time="8.508" timestamp="2013-03-16T14:45:49">
  <properties />
  <testcase classname="grails.plugin.cucumber.CucumberTest" name="new book chapter" time="0.07">
    <error message="Cannot set property &apos;members&apos; on null object" type="java.lang.NullPointerException">java.lang.NullPointerException: Cannot set property &apos;members&apos; on null object
	at steps.TestDataAndOperations.createBookChapter(TestDataAndOperations.groovy:267)
	at BookChapterSteps$_run_closure2.doCall(BookChapterSteps.groovy:18)
	at ✽.When I create the book chapter &quot;Next Generation Software Product Line Engineering&quot; with file name &quot;NGSPL.pdf&quot;(BookChapter.feature:9)
</error>
  </testcase>
  <testcase classname="grails.plugin.cucumber.CucumberTest" name="duplicate book chapter" time="0.044">
    <error message="Cannot set property &apos;members&apos; on null object" type="java.lang.NullPointerException">java.lang.NullPointerException: Cannot set property &apos;members&apos; on null object
	at steps.TestDataAndOperations.createBookChapter(TestDataAndOperations.groovy:267)
	at BookChapterSteps$_run_closure4.doCall(BookChapterSteps.groovy:29)
	at ✽.Given the book chapter &quot;Next Generation Software Product Line Engineering&quot; is stored in the system with file name &quot;NGSPL-0.pdf&quot;(BookChapter.feature:13)
</error>
  </testcase>
  <testcase classname="grails.plugin.cucumber.CucumberTest" name="remove book chapter" time="0.047">
    <error message="Cannot set property &apos;members&apos; on null object" type="java.lang.NullPointerException">java.lang.NullPointerException: Cannot set property &apos;members&apos; on null object
	at steps.TestDataAndOperations.createBookChapter(TestDataAndOperations.groovy:267)
	at BookChapterSteps$_run_closure4.doCall(BookChapterSteps.groovy:29)
	at ✽.Given the book chapter &quot;Next Generation Software Product Line Engineering&quot; is stored in the system with file name &quot;NGSPL-0.pdf&quot;(BookChapter.feature:18)
</error>
  </testcase>
  <testcase classname="grails.plugin.cucumber.CucumberTest" name="register book chapter with invalid data" time="4.959" />
  <testcase classname="grails.plugin.cucumber.CucumberTest" name="new book chapter web" time="3.332" />
  <system-out><![CDATA[@i9n
Feature: BookChapter
  As a member of a research group
  I want to add, remove and modify book chapters I have published
  so that I can generate web pages and reports containing these book chapters

--Output from new book chapter--
  Scenario: new book chapter                                                                                      # BookChapter.feature:7
    Given the system has no book chapter entitled "Next Generation Software Product Line Engineering"             # BookChapterSteps.groovy:10
    When I create the book chapter "Next Generation Software Product Line Engineering" with file name "NGSPL.pdf" # BookChapterSteps.groovy:16
      java.lang.NullPointerException: Cannot set property 'members' on null object
      	at org.codehaus.groovy.runtime.NullObject.setProperty(NullObject.java:66)
      	at org.codehaus.groovy.runtime.InvokerHelper.setProperty(InvokerHelper.java:179)
      	at org.codehaus.groovy.runtime.ScriptBytecodeAdapter.setProperty(ScriptBytecodeAdapter.java:480)
      	at steps.TestDataAndOperations.createBookChapter(TestDataAndOperations.groovy:267)
      	at steps.TestDataAndOperations$createBookChapter.call(Unknown Source)
      	at org.codehaus.groovy.runtime.callsite.CallSiteArray.defaultCall(CallSiteArray.java:42)
      	at org.codehaus.groovy.runtime.callsite.AbstractCallSite.call(AbstractCallSite.java:108)
      	at org.codehaus.groovy.runtime.callsite.AbstractCallSite.call(AbstractCallSite.java:120)
      	at BookChapterSteps$_run_closure2.doCall(BookChapterSteps.groovy:18)
      	at ?.When I create the book chapter "Next Generation Software Product Line Engineering" with file name "NGSPL.pdf"(BookChapter.feature:9)

    Then the book chapter "Next Generation Software Product Line Engineering" is properly stored by the system    # BookChapterSteps.groovy:21

--Output from duplicate book chapter--
  Scenario: duplicate book chapter                                                                                                  # BookChapter.feature:12
    Given the book chapter "Next Generation Software Product Line Engineering" is stored in the system with file name "NGSPL-0.pdf" # BookChapterSteps.groovy:27
      java.lang.NullPointerException: Cannot set property 'members' on null object
      	at org.codehaus.groovy.runtime.NullObject.setProperty(NullObject.java:66)
      	at org.codehaus.groovy.runtime.InvokerHelper.setProperty(InvokerHelper.java:179)
      	at org.codehaus.groovy.runtime.ScriptBytecodeAdapter.setProperty(ScriptBytecodeAdapter.java:480)
      	at steps.TestDataAndOperations.createBookChapter(TestDataAndOperations.groovy:267)
      	at steps.TestDataAndOperations$createBookChapter.call(Unknown Source)
      	at org.codehaus.groovy.runtime.callsite.CallSiteArray.defaultCall(CallSiteArray.java:42)
      	at org.codehaus.groovy.runtime.callsite.AbstractCallSite.call(AbstractCallSite.java:108)
      	at org.codehaus.groovy.runtime.callsite.AbstractCallSite.call(AbstractCallSite.java:120)
      	at BookChapterSteps$_run_closure4.doCall(BookChapterSteps.groovy:29)
      	at ?.Given the book chapter "Next Generation Software Product Line Engineering" is stored in the system with file name "NGSPL-0.pdf"(BookChapter.feature:13)

    When I create the book chapter "Next Generation Software Product Line Engineering" with file name "NGSPL-0.pdf"                 # BookChapterSteps.groovy:16
    Then the book chapter  "Next Generation Software Product Line Engineering" is not stored twice                                  # BookChapterSteps.groovy:34

--Output from remove book chapter--
  Scenario: remove book chapter                                                                                                     # BookChapter.feature:17
    Given the book chapter "Next Generation Software Product Line Engineering" is stored in the system with file name "NGSPL-0.pdf" # BookChapterSteps.groovy:27
      java.lang.NullPointerException: Cannot set property 'members' on null object
      	at org.codehaus.groovy.runtime.NullObject.setProperty(NullObject.java:66)
      	at org.codehaus.groovy.runtime.InvokerHelper.setProperty(InvokerHelper.java:179)
      	at org.codehaus.groovy.runtime.ScriptBytecodeAdapter.setProperty(ScriptBytecodeAdapter.java:480)
      	at steps.TestDataAndOperations.createBookChapter(TestDataAndOperations.groovy:267)
      	at steps.TestDataAndOperations$createBookChapter.call(Unknown Source)
      	at BookChapterSteps$_run_closure4.doCall(BookChapterSteps.groovy:29)
      	at ?.Given the book chapter "Next Generation Software Product Line Engineering" is stored in the system with file name "NGSPL-0.pdf"(BookChapter.feature:18)

    When I remove the book chapter "Next Generation Software Product Line Engineering"                                              # BookChapterSteps.groovy:40
    Then the book chapter "Next Generation Software Product Line Engineering" is properly removed by the system                     # BookChapterSteps.groovy:45

--Output from register book chapter with invalid data--
  Scenario: register book chapter with invalid data                   # BookChapter.feature:22
ENTROU no signIn
Enabled == trueENTROU NO TRYJefferson Almeida    Given I am at the publication menu                                # BookChapterSteps.groovy:58
    When I select the "Book Chapter" option at the publication menu   # BookChapterSteps.groovy:66
    And I select the Novo BookChapter option at the book chapter page # BookChapterSteps.groovy:70
    And I fill only the title field at book chapter create page       # BookChapterSteps.groovy:92
    Then I still on the book chapter create page                      # BookChapterSteps.groovy:97

--Output from new book chapter web--
  Scenario: new book chapter web                                      # BookChapter.feature:29
ENTROU no signIn
Enabled == trueENTROU NO TRYJefferson Almeida    Given I am at the publication menu                                # BookChapterSteps.groovy:58
    When I select the "Book Chapter" option at the publication menu   # BookChapterSteps.groovy:66
    And I select the Novo BookChapter option at the book chapter page # BookChapterSteps.groovy:70
    Then I can fill the book chapter details                          # BookChapterSteps.groovy:76
]]></system-out>
  <system-err><![CDATA[
--Output from new book chapter--
--Output from duplicate book chapter--
--Output from remove book chapter--
--Output from register book chapter with invalid data--
--Output from new book chapter web--]]></system-err>
</testsuite>
