<?xml version="1.0" encoding="UTF-8" ?>
<testsuite errors="2" failures="2" hostname="Laptop" name="membership" tests="6" time="7.123" timestamp="2013-03-09T21:09:37">
  <properties />
  <testcase classname="grails.plugin.cucumber.CucumberTest" name="new membership" time="3.518">
    <error message="No signature of method: static steps.TestDataAndOperations.createMembership() is applicable for argument types: (java.lang.String) values: [usernametest]&#xa;Possible solutions: createMembership(java.lang.String, java.lang.String, java.lang.String, java.lang.String), createMember(java.lang.String)" type="groovy.lang.MissingMethodException">groovy.lang.MissingMethodException: No signature of method: static steps.TestDataAndOperations.createMembership() is applicable for argument types: (java.lang.String) values: [usernametest]
Possible solutions: createMembership(java.lang.String, java.lang.String, java.lang.String, java.lang.String), createMember(java.lang.String)
	at MembershipSteps$_run_closure3.doCall(MembershipSteps.groovy:32)
	at ✽.When I create a membership with member &quot;usernametest&quot;, research group &quot;taes&quot; between &quot;01-03-2012&quot; and &quot;01-06-2012&quot;(Membership.feature:10)
</error>
  </testcase>
  <testcase classname="grails.plugin.cucumber.CucumberTest" name="delete membership" time="3.425">
    <error message="No such property: groupname for class: MembershipSteps" type="groovy.lang.MissingPropertyException">groovy.lang.MissingPropertyException: No such property: groupname for class: MembershipSteps
	at MembershipSteps$_run_closure5.doCall(MembershipSteps.groovy:46)
	at ✽.Given the system has membership with member &quot;usernametest&quot;, research group &quot;taes&quot; between &quot;01-03-2012&quot; and &quot;01-06-2012&quot;(Membership.feature:14)
</error>
    <failure message="Undefined Step: Then the membership with member &quot;usernametest&quot;, research group &quot;taes&quot; between &quot;01-03-2012&quot; and &quot;01-06-2012&quot; is deleted" type="grails.plugin.cucumber.FakeAssertionFailedError">cucumber.runtime.UndefinedStepException: Undefined Step: Then the membership with member &quot;usernametest&quot;, research group &quot;taes&quot; between &quot;01-03-2012&quot; and &quot;01-06-2012&quot; is deleted
	at grails.plugin.cucumber.CucumberFormatter.resultUndefined(CucumberFormatter.groovy:242)
	at grails.plugin.cucumber.CucumberFormatter.result(CucumberFormatter.groovy:207)
	at cucumber.runtime.Runtime.runStep(Runtime.java:250)
	at cucumber.runtime.model.StepContainer.runStep(StepContainer.java:44)
	at cucumber.runtime.model.StepContainer.runSteps(StepContainer.java:39)
	at cucumber.runtime.model.CucumberScenario.run(CucumberScenario.java:36)
	at cucumber.runtime.model.CucumberFeature.run(CucumberFeature.java:112)
	at grails.plugin.cucumber.Cucumber$_run_closure2.doCall(Cucumber.groovy:58)
	at grails.plugin.cucumber.Cucumber.run(Cucumber.groovy:57)
	at grails.plugin.cucumber.CucumberTestType.runFeatures(CucumberTestType.groovy:102)
	at grails.plugin.cucumber.CucumberTestType.doRun(CucumberTestType.groovy:57)
</failure>
  </testcase>
  <testcase classname="grails.plugin.cucumber.CucumberTest" name="modify membership" time="0.041" />
  <testcase classname="grails.plugin.cucumber.CucumberTest" name="access membership creation page from membership main page" time="0.05">
    <failure message="Undefined Step: Given I am at the membership page" type="grails.plugin.cucumber.FakeAssertionFailedError">cucumber.runtime.UndefinedStepException: Undefined Step: Given I am at the membership page
	at grails.plugin.cucumber.CucumberFormatter.resultUndefined(CucumberFormatter.groovy:242)
	at grails.plugin.cucumber.CucumberFormatter.result(CucumberFormatter.groovy:207)
	at cucumber.runtime.Runtime.runStep(Runtime.java:250)
	at cucumber.runtime.model.StepContainer.runStep(StepContainer.java:44)
	at cucumber.runtime.model.StepContainer.runSteps(StepContainer.java:39)
	at cucumber.runtime.model.CucumberScenario.run(CucumberScenario.java:36)
	at cucumber.runtime.model.CucumberFeature.run(CucumberFeature.java:112)
	at grails.plugin.cucumber.Cucumber$_run_closure2.doCall(Cucumber.groovy:58)
	at grails.plugin.cucumber.Cucumber.run(Cucumber.groovy:57)
	at grails.plugin.cucumber.CucumberTestType.runFeatures(CucumberTestType.groovy:102)
	at grails.plugin.cucumber.CucumberTestType.doRun(CucumberTestType.groovy:57)
</failure>
    <failure message="Undefined Step: When I click the new membership option" type="grails.plugin.cucumber.FakeAssertionFailedError">cucumber.runtime.UndefinedStepException: Undefined Step: When I click the new membership option
	at grails.plugin.cucumber.CucumberFormatter.resultUndefined(CucumberFormatter.groovy:242)
	at grails.plugin.cucumber.CucumberFormatter.result(CucumberFormatter.groovy:207)
	at cucumber.runtime.Runtime.runStep(Runtime.java:250)
	at cucumber.runtime.model.StepContainer.runStep(StepContainer.java:44)
	at cucumber.runtime.model.StepContainer.runSteps(StepContainer.java:39)
	at cucumber.runtime.model.CucumberScenario.run(CucumberScenario.java:36)
	at cucumber.runtime.model.CucumberFeature.run(CucumberFeature.java:112)
	at grails.plugin.cucumber.Cucumber$_run_closure2.doCall(Cucumber.groovy:58)
	at grails.plugin.cucumber.Cucumber.run(Cucumber.groovy:57)
	at grails.plugin.cucumber.CucumberTestType.runFeatures(CucumberTestType.groovy:102)
	at grails.plugin.cucumber.CucumberTestType.doRun(CucumberTestType.groovy:57)
</failure>
    <failure message="Undefined Step: Then I am on the create page" type="grails.plugin.cucumber.FakeAssertionFailedError">cucumber.runtime.UndefinedStepException: Undefined Step: Then I am on the create page
	at grails.plugin.cucumber.CucumberFormatter.resultUndefined(CucumberFormatter.groovy:242)
	at grails.plugin.cucumber.CucumberFormatter.result(CucumberFormatter.groovy:207)
	at cucumber.runtime.Runtime.runStep(Runtime.java:250)
	at cucumber.runtime.model.StepContainer.runStep(StepContainer.java:44)
	at cucumber.runtime.model.StepContainer.runSteps(StepContainer.java:39)
	at cucumber.runtime.model.CucumberScenario.run(CucumberScenario.java:36)
	at cucumber.runtime.model.CucumberFeature.run(CucumberFeature.java:112)
	at grails.plugin.cucumber.Cucumber$_run_closure2.doCall(Cucumber.groovy:58)
	at grails.plugin.cucumber.Cucumber.run(Cucumber.groovy:57)
	at grails.plugin.cucumber.CucumberTestType.runFeatures(CucumberTestType.groovy:102)
	at grails.plugin.cucumber.CucumberTestType.doRun(CucumberTestType.groovy:57)
</failure>
  </testcase>
  <testcase classname="grails.plugin.cucumber.CucumberTest" name="create membership with invalid data" time="0.05" />
  <testcase classname="grails.plugin.cucumber.CucumberTest" name="create membership with incomplete form" time="0.001" />
  <system-out><![CDATA[@i9n
Feature: membership
  As an administrator of the RGMS system
  I want to add, remove and modify memberships in the system.

--Output from new membership--
  Scenario: new membership                                                                                                   # Membership.feature:7
    Given the system has member "usernametest" and research group "taes"                                                     # MembershipSteps.groovy:12
    And the system has no membership with member "usernametest", research group "taes" between "01-03-2012" and "01-06-2012" # MembershipSteps.groovy:21
    When I create a membership with member "usernametest", research group "taes" between "01-03-2012" and "01-06-2012"       # MembershipSteps.groovy:31
      groovy.lang.MissingMethodException: No signature of method: static steps.TestDataAndOperations.createMembership() is applicable for argument types: (java.lang.String) values: [usernametest]
      Possible solutions: createMembership(java.lang.String, java.lang.String, java.lang.String, java.lang.String), createMember(java.lang.String)
      	at groovy.lang.MetaClassImpl.invokeStaticMissingMethod(MetaClassImpl.java:1335)
      	at groovy.lang.MetaClassImpl.invokeStaticMethod(MetaClassImpl.java:1321)
      	at groovy.lang.ExpandoMetaClass.invokeStaticMethod(ExpandoMetaClass.java:1123)
      	at org.codehaus.groovy.runtime.callsite.StaticMetaClassSite.call(StaticMetaClassSite.java:50)
      	at org.codehaus.groovy.runtime.callsite.CallSiteArray.defaultCall(CallSiteArray.java:42)
      	at org.codehaus.groovy.runtime.callsite.AbstractCallSite.call(AbstractCallSite.java:108)
      	at org.codehaus.groovy.runtime.callsite.AbstractCallSite.call(AbstractCallSite.java:116)
      	at MembershipSteps$_run_closure3.doCall(MembershipSteps.groovy:32)
      	at ?.When I create a membership with member "usernametest", research group "taes" between "01-03-2012" and "01-06-2012"(Membership.feature:10)

    Then the membership with member "usernametest", research group "taes" between "01-03-2012" and "01-06-2012" is created   # MembershipSteps.groovy:35

--Output from delete membership--
  Scenario: delete membership                                                                                               # Membership.feature:13
    Given the system has membership with member "usernametest", research group "taes" between "01-03-2012" and "01-06-2012" # MembershipSteps.groovy:42
      groovy.lang.MissingPropertyException: No such property: groupname for class: MembershipSteps
      	at org.codehaus.groovy.runtime.ScriptBytecodeAdapter.unwrap(ScriptBytecodeAdapter.java:50)
      	at org.codehaus.groovy.runtime.callsite.PogoGetPropertySite.getProperty(PogoGetPropertySite.java:49)
      	at org.codehaus.groovy.runtime.callsite.AbstractCallSite.callGroovyObjectGetProperty(AbstractCallSite.java:231)
      	at MembershipSteps$_run_closure5.doCall(MembershipSteps.groovy:46)
      	at ?.Given the system has membership with member "usernametest", research group "taes" between "01-03-2012" and "01-06-2012"(Membership.feature:14)

    When I delete a membership with member "usernametest", research group "taes" between "01-03-2012" and "01-06-2012"      # MembershipSteps.groovy:56
    Then the membership with member "usernametest", research group "taes" between "01-03-2012" and "01-06-2012" is deleted

--Output from modify membership--
--Output from access membership creation page from membership main page--
  Scenario: modify membership # Membership.feature:19
    //TODO


  Scenario: access membership creation page from membership main page # Membership.feature:23
    Given I am at the membership page
    When I click the new membership option
    Then I am on the create page

--Output from create membership with invalid data--
--Output from create membership with incomplete form--
  Scenario: create membership with invalid data # Membership.feature:28
    //TODO


  Scenario: create membership with incomplete form # Membership.feature:31
    //TODO

]]></system-out>
  <system-err><![CDATA[
--Output from new membership--
--Output from delete membership--
--Output from modify membership--
--Output from access membership creation page from membership main page--
--Output from create membership with invalid data--
--Output from create membership with incomplete form--]]></system-err>
</testsuite>
